#
# There is insufficient memory for the Java Runtime Environment to continue.
# Native memory allocation (malloc) failed to allocate 1169136 bytes for Chunk::new
# Possible reasons:
#   The system is out of physical RAM or swap space
#   In 32 bit mode, the process size limit was hit
# Possible solutions:
#   Reduce memory load on the system
#   Increase physical memory or swap space
#   Check if swap backing store is full
#   Use 64 bit Java on a 64 bit OS
#   Decrease Java heap size (-Xmx/-Xms)
#   Decrease number of Java threads
#   Decrease Java thread stack sizes (-Xss)
#   Set larger code cache with -XX:ReservedCodeCacheSize=
# This output file may be truncated or incomplete.
#
#  Out of Memory Error (allocation.cpp:390), pid=13816, tid=0x0000000000003854
#
# JRE version: Java(TM) SE Runtime Environment (8.0_144-b01) (build 1.8.0_144-b01)
# Java VM: Java HotSpot(TM) 64-Bit Server VM (25.144-b01 mixed mode windows-amd64 compressed oops)
# Failed to write core dump. Minidumps are not enabled by default on client versions of Windows
#

---------------  T H R E A D  ---------------

Current thread (0x00000000183f9000):  JavaThread "C2 CompilerThread1" daemon [_thread_in_native, id=14420, stack(0x0000000018af0000,0x0000000018bf0000)]

Stack: [0x0000000018af0000,0x0000000018bf0000]
[error occurred during error reporting (printing stack bounds), id 0xc0000005]

Native frames: (J=compiled Java code, j=interpreted, Vv=VM code, C=native code)


Current CompileTask:
C2:  11858 4120       4       com.sun.beans.TypeResolver::resolve (37 bytes)


---------------  P R O C E S S  ---------------

Java Threads: ( => current thread )
  0x000000001a434000 JavaThread "Memory manager" [_thread_blocked, id=10524, stack(0x0000000021f00000,0x0000000022000000)]
  0x000000001a430000 JavaThread "Build operations Thread 4" [_thread_blocked, id=6600, stack(0x0000000021a00000,0x0000000021b00000)]
  0x0000000019f34000 JavaThread "Build operations Thread 3" [_thread_blocked, id=9652, stack(0x0000000021900000,0x0000000021a00000)]
  0x0000000019f35000 JavaThread "Build operations Thread 2" [_thread_blocked, id=5292, stack(0x0000000021800000,0x0000000021900000)]
  0x0000000019f33800 JavaThread "Build operations" [_thread_blocked, id=12836, stack(0x0000000021700000,0x0000000021800000)]
  0x0000000019f32800 JavaThread "Cache worker for Artifact transforms cache (C:\Users\61979\.gradle\caches\transforms-1)" [_thread_blocked, id=11812, stack(0x000000001f0e0000,0x000000001f1e0000)]
  0x0000000019f36800 JavaThread "Cache worker for file hash cache (D:\project\MootCourt\.gradle\4.6\fileHashes)" [_thread_blocked, id=3048, stack(0x000000001c840000,0x000000001c940000)]
  0x0000000019f32000 JavaThread "File lock request listener" [_thread_in_native, id=7696, stack(0x000000001c740000,0x000000001c840000)]
  0x0000000019f37000 JavaThread "Cache worker for file hash cache (C:\Users\61979\.gradle\caches\4.6\fileHashes)" [_thread_blocked, id=8484, stack(0x000000001c640000,0x000000001c740000)]
  0x000000001917a800 JavaThread "Stdin handler" [_thread_blocked, id=10468, stack(0x000000001b370000,0x000000001b470000)]
  0x000000001918b000 JavaThread "Asynchronous log dispatcher for DefaultDaemonConnection: socket connection from /127.0.0.1:9660 to /127.0.0.1:9661" [_thread_blocked, id=14136, stack(0x000000001b270000,0x000000001b370000)]
  0x000000001a0c2000 JavaThread "Daemon worker" [_thread_in_Java, id=692, stack(0x000000001b170000,0x000000001b270000)]
  0x0000000019f2e800 JavaThread "Cancel handler" [_thread_blocked, id=10136, stack(0x000000001b070000,0x000000001b170000)]
  0x0000000019db5800 JavaThread "Handler for socket connection from /127.0.0.1:9660 to /127.0.0.1:9661" [_thread_in_native, id=6004, stack(0x000000001ad70000,0x000000001ae70000)]
  0x0000000019ceb000 JavaThread "Daemon" [_thread_blocked, id=9828, stack(0x000000001ac70000,0x000000001ad70000)]
  0x0000000019da7000 JavaThread "Daemon periodic checks" [_thread_blocked, id=13268, stack(0x000000001ab70000,0x000000001ac70000)]
  0x0000000019da6800 JavaThread "Incoming local TCP Connector on port 9660" [_thread_in_native, id=13316, stack(0x000000001a9c0000,0x000000001aac0000)]
  0x0000000019cc4000 JavaThread "Daemon health stats" [_thread_blocked, id=5136, stack(0x000000001a6c0000,0x000000001a7c0000)]
  0x0000000018479000 JavaThread "Service Thread" daemon [_thread_blocked, id=5964, stack(0x0000000018cf0000,0x0000000018df0000)]
  0x0000000018406800 JavaThread "C1 CompilerThread2" daemon [_thread_blocked, id=11292, stack(0x0000000018bf0000,0x0000000018cf0000)]
=>0x00000000183f9000 JavaThread "C2 CompilerThread1" daemon [_thread_in_native, id=14420, stack(0x0000000018af0000,0x0000000018bf0000)]
  0x00000000170cc000 JavaThread "C2 CompilerThread0" daemon [_thread_in_native, id=11948, stack(0x00000000189f0000,0x0000000018af0000)]
  0x00000000183f8800 JavaThread "Attach Listener" daemon [_thread_blocked, id=14116, stack(0x00000000188f0000,0x00000000189f0000)]
  0x000000001707f000 JavaThread "Signal Dispatcher" daemon [_thread_blocked, id=10940, stack(0x00000000187f0000,0x00000000188f0000)]
  0x000000000360b000 JavaThread "Finalizer" daemon [_thread_blocked, id=11696, stack(0x00000000182f0000,0x00000000183f0000)]
  0x0000000003600000 JavaThread "Reference Handler" daemon [_thread_blocked, id=9016, stack(0x00000000181f0000,0x00000000182f0000)]
  0x00000000036fe000 JavaThread "main" [_thread_blocked, id=8844, stack(0x00000000018c0000,0x00000000019c0000)]

Other Threads:
  0x0000000017038000 VMThread [stack: 0x00000000180f0000,0x00000000181f0000] [id=9328]
  0x00000000184c5800 WatcherThread [stack: 0x0000000018df0000,0x0000000018ef0000] [id=1596]

VM state:not at safepoint (normal execution)

VM Mutex/Monitor currently owned by a thread: None

Heap:
 PSYoungGen      total 85504K, used 27088K [0x00000000e0000000, 0x00000000e7500000, 0x0000000100000000)
  eden space 74240K, 21% used [0x00000000e0000000,0x00000000e0f7b100,0x00000000e4880000)
  from space 11264K, 99% used [0x00000000e4880000,0x00000000e5378fe0,0x00000000e5380000)
  to   space 12800K, 0% used [0x00000000e6880000,0x00000000e6880000,0x00000000e7500000)
 ParOldGen       total 60928K, used 17980K [0x00000000a0000000, 0x00000000a3b80000, 0x00000000e0000000)
  object space 60928K, 29% used [0x00000000a0000000,0x00000000a118f1c0,0x00000000a3b80000)
 Metaspace       used 42355K, capacity 43250K, committed 43520K, reserved 1087488K
  class space    used 5846K, capacity 6138K, committed 6144K, reserved 1048576K

Card table byte_map: [0x0000000012ac0000,0x0000000012dd0000] byte_map_base: 0x00000000125c0000

Marking Bits: (ParMarkBitMap*) 0x000000005cc6d850
 Begin Bits: [0x00000000133d0000, 0x0000000014bd0000)
 End Bits:   [0x0000000014bd0000, 0x00000000163d0000)

Polling page: 0x0000000001460000

CodeCache: size=245760Kb used=13364Kb max_used=13364Kb free=232395Kb
 bounds [0x0000000003700000, 0x0000000004420000, 0x0000000012700000]
 total_blobs=4589 nmethods=3849 adapters=651
 compilation: enabled

Compilation events (10 events):
Event: 11.852 Thread 0x0000000018406800 4185       3       java.nio.file.Files$AcceptAllFilter::accept (9 bytes)
Event: 11.852 Thread 0x0000000018406800 nmethod 4185 0x0000000004411c50 code [0x0000000004411dc0, 0x0000000004412090]
Event: 11.853 Thread 0x0000000018406800 4186       3       sun.nio.fs.NativeBuffers::getNativeBufferFromCache (51 bytes)
Event: 11.853 Thread 0x0000000018406800 nmethod 4186 0x0000000004412150 code [0x0000000004412300, 0x0000000004412908]
Event: 11.853 Thread 0x0000000018406800 4189       3       sun.nio.fs.NativeBuffers::releaseNativeBuffer (103 bytes)
Event: 11.854 Thread 0x0000000018406800 nmethod 4189 0x0000000004412b50 code [0x0000000004412e40, 0x00000000044141b8]
Event: 11.854 Thread 0x0000000018406800 4188       3       sun.nio.fs.NativeBuffer::release (5 bytes)
Event: 11.854 Thread 0x0000000018406800 nmethod 4188 0x0000000004414b50 code [0x0000000004414cc0, 0x0000000004414e48]
Event: 11.854 Thread 0x0000000018406800 4187       3       sun.nio.fs.NativeBuffer::setOwner (6 bytes)
Event: 11.855 Thread 0x0000000018406800 nmethod 4187 0x0000000004414ed0 code [0x0000000004415020, 0x0000000004415190]

GC Heap History (10 events):
Event: 9.247 GC heap before
{Heap before GC invocations=9 (full 1):
 PSYoungGen      total 69120K, used 64425K [0x00000000e0000000, 0x00000000e6380000, 0x0000000100000000)
  eden space 58368K, 100% used [0x00000000e0000000,0x00000000e3900000,0x00000000e3900000)
  from space 10752K, 56% used [0x00000000e3900000,0x00000000e3eea4f8,0x00000000e4380000)
  to   space 10240K, 0% used [0x00000000e5980000,0x00000000e5980000,0x00000000e6380000)
 ParOldGen       total 60928K, used 9298K [0x00000000a0000000, 0x00000000a3b80000, 0x00000000e0000000)
  object space 60928K, 15% used [0x00000000a0000000,0x00000000a09148c0,0x00000000a3b80000)
 Metaspace       used 30115K, capacity 30764K, committed 30976K, reserved 1075200K
  class space    used 4306K, capacity 4525K, committed 4608K, reserved 1048576K
Event: 9.265 GC heap after
Heap after GC invocations=9 (full 1):
 PSYoungGen      total 68608K, used 8925K [0x00000000e0000000, 0x00000000e6380000, 0x0000000100000000)
  eden space 58368K, 0% used [0x00000000e0000000,0x00000000e0000000,0x00000000e3900000)
  from space 10240K, 87% used [0x00000000e5980000,0x00000000e6237648,0x00000000e6380000)
  to   space 10752K, 0% used [0x00000000e3900000,0x00000000e3900000,0x00000000e4380000)
 ParOldGen       total 60928K, used 9306K [0x00000000a0000000, 0x00000000a3b80000, 0x00000000e0000000)
  object space 60928K, 15% used [0x00000000a0000000,0x00000000a09168c0,0x00000000a3b80000)
 Metaspace       used 30115K, capacity 30764K, committed 30976K, reserved 1075200K
  class space    used 4306K, capacity 4525K, committed 4608K, reserved 1048576K
}
Event: 9.886 GC heap before
{Heap before GC invocations=10 (full 1):
 PSYoungGen      total 68608K, used 37067K [0x00000000e0000000, 0x00000000e6380000, 0x0000000100000000)
  eden space 58368K, 48% used [0x00000000e0000000,0x00000000e1b7b938,0x00000000e3900000)
  from space 10240K, 87% used [0x00000000e5980000,0x00000000e6237648,0x00000000e6380000)
  to   space 10752K, 0% used [0x00000000e3900000,0x00000000e3900000,0x00000000e4380000)
 ParOldGen       total 60928K, used 9306K [0x00000000a0000000, 0x00000000a3b80000, 0x00000000e0000000)
  object space 60928K, 15% used [0x00000000a0000000,0x00000000a09168c0,0x00000000a3b80000)
 Metaspace       used 34570K, capacity 35278K, committed 35496K, reserved 1079296K
  class space    used 4874K, capacity 5099K, committed 5120K, reserved 1048576K
Event: 9.896 GC heap after
Heap after GC invocations=10 (full 1):
 PSYoungGen      total 69120K, used 8312K [0x00000000e0000000, 0x00000000e6480000, 0x0000000100000000)
  eden space 58368K, 0% used [0x00000000e0000000,0x00000000e0000000,0x00000000e3900000)
  from space 10752K, 77% used [0x00000000e3900000,0x00000000e411e078,0x00000000e4380000)
  to   space 11264K, 0% used [0x00000000e5980000,0x00000000e5980000,0x00000000e6480000)
 ParOldGen       total 60928K, used 10578K [0x00000000a0000000, 0x00000000a3b80000, 0x00000000e0000000)
  object space 60928K, 17% used [0x00000000a0000000,0x00000000a0a54960,0x00000000a3b80000)
 Metaspace       used 34570K, capacity 35278K, committed 35496K, reserved 1079296K
  class space    used 4874K, capacity 5099K, committed 5120K, reserved 1048576K
}
Event: 9.896 GC heap before
{Heap before GC invocations=11 (full 2):
 PSYoungGen      total 69120K, used 8312K [0x00000000e0000000, 0x00000000e6480000, 0x0000000100000000)
  eden space 58368K, 0% used [0x00000000e0000000,0x00000000e0000000,0x00000000e3900000)
  from space 10752K, 77% used [0x00000000e3900000,0x00000000e411e078,0x00000000e4380000)
  to   space 11264K, 0% used [0x00000000e5980000,0x00000000e5980000,0x00000000e6480000)
 ParOldGen       total 60928K, used 10578K [0x00000000a0000000, 0x00000000a3b80000, 0x00000000e0000000)
  object space 60928K, 17% used [0x00000000a0000000,0x00000000a0a54960,0x00000000a3b80000)
 Metaspace       used 34570K, capacity 35278K, committed 35496K, reserved 1079296K
  class space    used 4874K, capacity 5099K, committed 5120K, reserved 1048576K
Event: 9.981 GC heap after
Heap after GC invocations=11 (full 2):
 PSYoungGen      total 69120K, used 0K [0x00000000e0000000, 0x00000000e6480000, 0x0000000100000000)
  eden space 58368K, 0% used [0x00000000e0000000,0x00000000e0000000,0x00000000e3900000)
  from space 10752K, 0% used [0x00000000e3900000,0x00000000e3900000,0x00000000e4380000)
  to   space 11264K, 0% used [0x00000000e5980000,0x00000000e5980000,0x00000000e6480000)
 ParOldGen       total 60928K, used 16578K [0x00000000a0000000, 0x00000000a3b80000, 0x00000000e0000000)
  object space 60928K, 27% used [0x00000000a0000000,0x00000000a1030a50,0x00000000a3b80000)
 Metaspace       used 34570K, capacity 35278K, committed 35496K, reserved 1079296K
  class space    used 4874K, capacity 5099K, committed 5120K, reserved 1048576K
}
Event: 10.702 GC heap before
{Heap before GC invocations=12 (full 2):
 PSYoungGen      total 69120K, used 58329K [0x00000000e0000000, 0x00000000e6480000, 0x0000000100000000)
  eden space 58368K, 99% used [0x00000000e0000000,0x00000000e38f6710,0x00000000e3900000)
  from space 10752K, 0% used [0x00000000e3900000,0x00000000e3900000,0x00000000e4380000)
  to   space 11264K, 0% used [0x00000000e5980000,0x00000000e5980000,0x00000000e6480000)
 ParOldGen       total 60928K, used 16578K [0x00000000a0000000, 0x00000000a3b80000, 0x00000000e0000000)
  object space 60928K, 27% used [0x00000000a0000000,0x00000000a1030a50,0x00000000a3b80000)
 Metaspace       used 38085K, capacity 38828K, committed 39168K, reserved 1083392K
  class space    used 5301K, capacity 5532K, committed 5632K, reserved 1048576K
Event: 10.711 GC heap after
Heap after GC invocations=12 (full 2):
 PSYoungGen      total 78336K, used 4712K [0x00000000e0000000, 0x00000000e5e80000, 0x0000000100000000)
  eden space 73216K, 0% used [0x00000000e0000000,0x00000000e0000000,0x00000000e4780000)
  from space 5120K, 92% used [0x00000000e5980000,0x00000000e5e1a0a8,0x00000000e5e80000)
  to   space 11264K, 0% used [0x00000000e4880000,0x00000000e4880000,0x00000000e5380000)
 ParOldGen       total 60928K, used 16586K [0x00000000a0000000, 0x00000000a3b80000, 0x00000000e0000000)
  object space 60928K, 27% used [0x00000000a0000000,0x00000000a1032a50,0x00000000a3b80000)
 Metaspace       used 38085K, capacity 38828K, committed 39168K, reserved 1083392K
  class space    used 5301K, capacity 5532K, committed 5632K, reserved 1048576K
}
Event: 11.631 GC heap before
{Heap before GC invocations=13 (full 2):
 PSYoungGen      total 78336K, used 77928K [0x00000000e0000000, 0x00000000e5e80000, 0x0000000100000000)
  eden space 73216K, 100% used [0x00000000e0000000,0x00000000e4780000,0x00000000e4780000)
  from space 5120K, 92% used [0x00000000e5980000,0x00000000e5e1a0a8,0x00000000e5e80000)
  to   space 11264K, 0% used [0x00000000e4880000,0x00000000e4880000,0x00000000e5380000)
 ParOldGen       total 60928K, used 16586K [0x00000000a0000000, 0x00000000a3b80000, 0x00000000e0000000)
  object space 60928K, 27% used [0x00000000a0000000,0x00000000a1032a50,0x00000000a3b80000)
 Metaspace       used 41481K, capacity 42332K, committed 42624K, reserved 1085440K
  class space    used 5711K, capacity 5967K, committed 6016K, reserved 1048576K
Event: 11.655 GC heap after
Heap after GC invocations=13 (full 2):
 PSYoungGen      total 85504K, used 11235K [0x00000000e0000000, 0x00000000e7500000, 0x0000000100000000)
  eden space 74240K, 0% used [0x00000000e0000000,0x00000000e0000000,0x00000000e4880000)
  from space 11264K, 99% used [0x00000000e4880000,0x00000000e5378fe0,0x00000000e5380000)
  to   space 12800K, 0% used [0x00000000e6880000,0x00000000e6880000,0x00000000e7500000)
 ParOldGen       total 60928K, used 17980K [0x00000000a0000000, 0x00000000a3b80000, 0x00000000e0000000)
  object space 60928K, 29% used [0x00000000a0000000,0x00000000a118f1c0,0x00000000a3b80000)
 Metaspace       used 41481K, capacity 42332K, committed 42624K, reserved 1085440K
  class space    used 5711K, capacity 5967K, committed 6016K, reserved 1048576K
}

Deoptimization events (10 events):
Event: 10.654 Thread 0x000000001a0c2000 Uncommon trap: reason=unstable_if action=reinterpret pc=0x0000000003bb36fc method=java.lang.CharacterDataLatin1.isWhitespace(I)Z @ 14
Event: 10.697 Thread 0x000000001a0c2000 Uncommon trap: reason=unstable_if action=reinterpret pc=0x00000000041cea98 method=java.util.jar.JarFile.getInputStream(Ljava/util/zip/ZipEntry;)Ljava/io/InputStream; @ 37
Event: 10.700 Thread 0x000000001a0c2000 Uncommon trap: reason=unstable_if action=reinterpret pc=0x00000000038d6c2c method=java.security.CodeSource.getCertificates()[Ljava/security/cert/Certificate; @ 22
Event: 10.736 Thread 0x000000001a0c2000 Uncommon trap: reason=unstable_if action=reinterpret pc=0x00000000040002bc method=java.util.LinkedHashMap.get(Ljava/lang/Object;)Ljava/lang/Object; @ 20
Event: 10.841 Thread 0x000000001a0c2000 Uncommon trap: reason=unstable_if action=reinterpret pc=0x000000000384f784 method=org.objectweb.asm.ByteVector.putUTF8(Ljava/lang/String;)Lorg/objectweb/asm/ByteVector; @ 91
Event: 10.956 Thread 0x000000001a0c2000 Uncommon trap: reason=unstable_if action=reinterpret pc=0x0000000003f7da60 method=org.objectweb.asm.ByteVector.putUTF8(Ljava/lang/String;)Lorg/objectweb/asm/ByteVector; @ 91
Event: 11.444 Thread 0x000000001a0c2000 Uncommon trap: reason=class_check action=maybe_recompile pc=0x0000000003fc440c method=org.codehaus.groovy.runtime.metaclass.MetaMethodIndex.addMethodToList(Ljava/lang/Object;Lgroovy/lang/MetaMethod;)Ljava/lang/Object; @ 220
Event: 11.444 Thread 0x000000001a0c2000 Uncommon trap: reason=class_check action=maybe_recompile pc=0x0000000003fc440c method=org.codehaus.groovy.runtime.metaclass.MetaMethodIndex.addMethodToList(Ljava/lang/Object;Lgroovy/lang/MetaMethod;)Ljava/lang/Object; @ 220
Event: 11.444 Thread 0x000000001a0c2000 Uncommon trap: reason=class_check action=maybe_recompile pc=0x0000000003fc440c method=org.codehaus.groovy.runtime.metaclass.MetaMethodIndex.addMethodToList(Ljava/lang/Object;Lgroovy/lang/MetaMethod;)Ljava/lang/Object; @ 220
Event: 11.664 Thread 0x000000001a0c2000 Uncommon trap: reason=class_check action=maybe_recompile pc=0x0000000003fc440c method=org.codehaus.groovy.runtime.metaclass.MetaMethodIndex.addMethodToList(Ljava/lang/Object;Lgroovy/lang/MetaMethod;)Ljava/lang/Object; @ 220

Internal exceptions (10 events):
Event: 11.852 Thread 0x000000001a0c2000 Exception <a 'sun/nio/fs/WindowsException'> (0x00000000e0f4fc70) thrown at [C:\re\workspace\8-2-build-windows-amd64-cygwin\jdk8u144\9417\hotspot\src\share\vm\prims\jni.cpp, line 709]
Event: 11.854 Thread 0x000000001a0c2000 Exception <a 'sun/nio/fs/WindowsException'> (0x00000000e0f55b68) thrown at [C:\re\workspace\8-2-build-windows-amd64-cygwin\jdk8u144\9417\hotspot\src\share\vm\prims\jni.cpp, line 709]
Event: 11.854 Thread 0x000000001a0c2000 Exception <a 'sun/nio/fs/WindowsException'> (0x00000000e0f56638) thrown at [C:\re\workspace\8-2-build-windows-amd64-cygwin\jdk8u144\9417\hotspot\src\share\vm\prims\jni.cpp, line 709]
Event: 11.854 Thread 0x000000001a0c2000 Exception <a 'sun/nio/fs/WindowsException'> (0x00000000e0f58138) thrown at [C:\re\workspace\8-2-build-windows-amd64-cygwin\jdk8u144\9417\hotspot\src\share\vm\prims\jni.cpp, line 709]
Event: 11.854 Thread 0x000000001a0c2000 Exception <a 'sun/nio/fs/WindowsException'> (0x00000000e0f58c48) thrown at [C:\re\workspace\8-2-build-windows-amd64-cygwin\jdk8u144\9417\hotspot\src\share\vm\prims\jni.cpp, line 709]
Event: 11.855 Thread 0x000000001a0c2000 Exception <a 'sun/nio/fs/WindowsException'> (0x00000000e0f5f8b0) thrown at [C:\re\workspace\8-2-build-windows-amd64-cygwin\jdk8u144\9417\hotspot\src\share\vm\prims\jni.cpp, line 709]
Event: 11.855 Thread 0x000000001a0c2000 Exception <a 'sun/nio/fs/WindowsException'> (0x00000000e0f603b8) thrown at [C:\re\workspace\8-2-build-windows-amd64-cygwin\jdk8u144\9417\hotspot\src\share\vm\prims\jni.cpp, line 709]
Event: 11.856 Thread 0x000000001a0c2000 Exception <a 'sun/nio/fs/WindowsException'> (0x00000000e0f61f08) thrown at [C:\re\workspace\8-2-build-windows-amd64-cygwin\jdk8u144\9417\hotspot\src\share\vm\prims\jni.cpp, line 709]
Event: 11.856 Thread 0x000000001a0c2000 Exception <a 'sun/nio/fs/WindowsException'> (0x00000000e0f62a48) thrown at [C:\re\workspace\8-2-build-windows-amd64-cygwin\jdk8u144\9417\hotspot\src\share\vm\prims\jni.cpp, line 709]
Event: 11.856 Thread 0x000000001a0c2000 Exception <a 'sun/nio/fs/WindowsException'> (0x00000000e0f65320) thrown at [C:\re\workspace\8-2-build-windows-amd64-cygwin\jdk8u144\9417\hotspot\src\share\vm\prims\jni.cpp, line 709]

Events (10 events):
Event: 11.832 loading class java/util/stream/Node$OfDouble done
Event: 11.832 loading class java/util/stream/Nodes$EmptyNode$OfDouble done
Event: 11.832 loading class java/util/stream/Nodes$SpinedNodeBuilder
Event: 11.832 loading class java/util/stream/Node$Builder
Event: 11.832 loading class java/util/stream/Node$Builder done
Event: 11.832 loading class java/util/stream/SpinedBuffer
Event: 11.833 loading class java/util/stream/AbstractSpinedBuffer
Event: 11.833 loading class java/util/stream/AbstractSpinedBuffer done
Event: 11.833 loading class java/util/stream/SpinedBuffer done
Event: 11.833 loading class java/util/stream/Nodes$SpinedNodeBuilder done


Dynamic libraries:
0x00007ff649ca0000 - 0x00007ff649cd7000 	C:\Program Files\Java\jdk1.8.0_144\bin\java.exe
0x00007ff9bffa0000 - 0x00007ff9c0190000 	C:\WINDOWS\SYSTEM32\ntdll.dll
0x00007ff9be690000 - 0x00007ff9be742000 	C:\WINDOWS\System32\KERNEL32.DLL
0x00007ff9bd120000 - 0x00007ff9bd3c3000 	C:\WINDOWS\System32\KERNELBASE.dll
0x00007ff9be750000 - 0x00007ff9be7f3000 	C:\WINDOWS\System32\ADVAPI32.dll
0x00007ff9bf210000 - 0x00007ff9bf2ae000 	C:\WINDOWS\System32\msvcrt.dll
0x00007ff9bec70000 - 0x00007ff9bed07000 	C:\WINDOWS\System32\sechost.dll
0x00007ff9bf3e0000 - 0x00007ff9bf500000 	C:\WINDOWS\System32\RPCRT4.dll
0x00007ff9bf5b0000 - 0x00007ff9bf744000 	C:\WINDOWS\System32\USER32.dll
0x00007ff9be020000 - 0x00007ff9be041000 	C:\WINDOWS\System32\win32u.dll
0x00007ff9bef60000 - 0x00007ff9bef86000 	C:\WINDOWS\System32\GDI32.dll
0x00007ff9bd530000 - 0x00007ff9bd6c4000 	C:\WINDOWS\System32\gdi32full.dll
0x00007ff9bcf30000 - 0x00007ff9bcfce000 	C:\WINDOWS\System32\msvcp_win.dll
0x00007ff9bd000000 - 0x00007ff9bd0fa000 	C:\WINDOWS\System32\ucrtbase.dll
0x00007ff9b1410000 - 0x00007ff9b1695000 	C:\WINDOWS\WinSxS\amd64_microsoft.windows.common-controls_6595b64144ccf1df_6.0.18362.720_none_e6beb5c51314836b\COMCTL32.dll
0x00007ff9be8b0000 - 0x00007ff9bebe6000 	C:\WINDOWS\System32\combase.dll
0x00007ff9bdfa0000 - 0x00007ff9be020000 	C:\WINDOWS\System32\bcryptPrimitives.dll
0x00007ff9be880000 - 0x00007ff9be8ae000 	C:\WINDOWS\System32\IMM32.DLL
0x000000005ccf0000 - 0x000000005cdc2000 	C:\Program Files\Java\jdk1.8.0_144\jre\bin\msvcr100.dll
0x000000005c450000 - 0x000000005cced000 	C:\Program Files\Java\jdk1.8.0_144\jre\bin\server\jvm.dll
0x00007ff9be050000 - 0x00007ff9be058000 	C:\WINDOWS\System32\PSAPI.DLL
0x00007ff9b5050000 - 0x00007ff9b5074000 	C:\WINDOWS\SYSTEM32\WINMM.dll
0x00007ff9a8610000 - 0x00007ff9a8619000 	C:\WINDOWS\SYSTEM32\WSOCK32.dll
0x00007ff9b4ca0000 - 0x00007ff9b4caa000 	C:\WINDOWS\SYSTEM32\VERSION.dll
0x00007ff9be800000 - 0x00007ff9be86f000 	C:\WINDOWS\System32\WS2_32.dll
0x00007ff9b4e10000 - 0x00007ff9b4e3d000 	C:\WINDOWS\SYSTEM32\winmmbase.dll
0x00007ff9bd3d0000 - 0x00007ff9bd41a000 	C:\WINDOWS\System32\cfgmgr32.dll
0x000000005c440000 - 0x000000005c44f000 	C:\Program Files\Java\jdk1.8.0_144\jre\bin\verify.dll
0x000000005c410000 - 0x000000005c439000 	C:\Program Files\Java\jdk1.8.0_144\jre\bin\java.dll
0x000000005c3f0000 - 0x000000005c406000 	C:\Program Files\Java\jdk1.8.0_144\jre\bin\zip.dll
0x00007ff9bf870000 - 0x00007ff9bff55000 	C:\WINDOWS\System32\SHELL32.dll
0x00007ff9bf750000 - 0x00007ff9bf7f9000 	C:\WINDOWS\System32\shcore.dll
0x00007ff9bd820000 - 0x00007ff9bdfa0000 	C:\WINDOWS\System32\windows.storage.dll
0x00007ff9bceb0000 - 0x00007ff9bced3000 	C:\WINDOWS\System32\profapi.dll
0x00007ff9bcee0000 - 0x00007ff9bcf2a000 	C:\WINDOWS\System32\powrprof.dll
0x00007ff9bce60000 - 0x00007ff9bce70000 	C:\WINDOWS\System32\UMPDC.dll
0x00007ff9bf2b0000 - 0x00007ff9bf302000 	C:\WINDOWS\System32\shlwapi.dll
0x00007ff9bce90000 - 0x00007ff9bcea1000 	C:\WINDOWS\System32\kernel.appcore.dll
0x00007ff9bd100000 - 0x00007ff9bd117000 	C:\WINDOWS\System32\cryptsp.dll
0x000000005c3d0000 - 0x000000005c3ea000 	C:\Program Files\Java\jdk1.8.0_144\jre\bin\net.dll
0x00007ff9bc640000 - 0x00007ff9bc6a7000 	C:\WINDOWS\system32\mswsock.dll
0x000000005c3b0000 - 0x000000005c3c1000 	C:\Program Files\Java\jdk1.8.0_144\jre\bin\nio.dll
0x00007ff9b9240000 - 0x00007ff9b925e000 	C:\Users\61979\.gradle\native\25\windows-amd64\native-platform.dll
0x000000005c3a0000 - 0x000000005c3ad000 	C:\Program Files\Java\jdk1.8.0_144\jre\bin\management.dll
0x00007ff9bc1b0000 - 0x00007ff9bc1e3000 	C:\WINDOWS\system32\rsaenh.dll
0x00007ff9bcfd0000 - 0x00007ff9bcff6000 	C:\WINDOWS\System32\bcrypt.dll
0x00007ff9bcd80000 - 0x00007ff9bcda5000 	C:\WINDOWS\SYSTEM32\USERENV.dll
0x00007ff9bc810000 - 0x00007ff9bc81c000 	C:\WINDOWS\SYSTEM32\CRYPTBASE.dll
0x00007ff9bc350000 - 0x00007ff9bc38a000 	C:\WINDOWS\SYSTEM32\IPHLPAPI.DLL
0x00007ff9be870000 - 0x00007ff9be878000 	C:\WINDOWS\System32\NSI.dll
0x00007ff9b7730000 - 0x00007ff9b7746000 	C:\WINDOWS\SYSTEM32\dhcpcsvc6.DLL
0x00007ff9b6dc0000 - 0x00007ff9b6ddc000 	C:\WINDOWS\SYSTEM32\dhcpcsvc.DLL
0x00007ff9bc390000 - 0x00007ff9bc45a000 	C:\WINDOWS\SYSTEM32\DNSAPI.dll

VM Arguments:
jvm_args: -Xmx1536m -Dfile.encoding=GBK -Duser.country=CN -Duser.language=zh -Duser.variant 
java_command: org.gradle.launcher.daemon.bootstrap.GradleDaemon 4.6
java_class_path (initial): C:\Users\61979\.gradle\wrapper\dists\gradle-4.6-all\bcst21l2brirad8k2ben1letg\gradle-4.6\lib\gradle-launcher-4.6.jar
Launcher Type: SUN_STANDARD

Environment Variables:
JAVA_HOME=C:\Program Files\Java\jdk1.8.0_144
CLASSPATH=D:\project\MootCourt\\gradle\wrapper\gradle-wrapper.jar
PATH=C:\ProgramData\Oracle\Java\javapath;C:\WINDOWS\system32;C:\WINDOWS;C:\WINDOWS\System32\Wbem;C:\WINDOWS\System32\WindowsPowerShell\v1.0\;D:\matlab\runtime\win64;D:\matlab\bin;D:\matlab\polyspace\bin;C:\Program Files\Java\jdk1.8.0_144\bin;D:\软件\编译器\bin;D:\软;\AS\SDK\platform-tools;C:\WINDOWS\System32\OpenSSH\;F:\MySQL\mysql-5.6.41-winx64\bin;F:\matlab\runtime\win64;F:\matlab\bin;F:\matlab\polyspace\bin;D:\软件\slik svn\bin;C;\Program Files\Intel\WiFi\bin\;C:\Program Files\Common Files\Intel\WirelessCommon\;F:\Git\cmd;D:\apktools;D:\软件\AS\SDK\platform-tools;F:\tortoisegit\bin;C:\Program Files (x86)\Windows Kits\8.1\Windows Performance Toolkit\;F:\nodejs\;C:\Program Files (x86)\Intel\Intel(R) Management Engine Components\DAL;C:\Program Files\Intel\Intel(R) Management Engine Components\DAL;F:\AS\SDK\platform-tools;D:\数学建模实验\ampl;C:\Program Files\Intel\WiFi\bin\;C:\Program Files\Intel\WiFi\bin\;C:\Program Files\Common Files\Intel\WirelessCommon\;F:\Anaconda3;F:\Anaconda3\Library\mingw-w64\bin;F:\Anaconda3\Library\usr\bin;F:\Anaconda3\Library\bin;F:\Anaconda3\Scripts;C:\Users\61979\AppData\Local\Programs\Python\Python37\Scripts\;C:\Users\61979\AppData\Local\Programs\Python\Python37\;C:\Users\61979\AppData\Local\Microsoft\WindowsApps;F:\Microsoft VS Code\bin;F:\pycharm\PyCharm Community Edition 2018.3.2\bin;C:\Users\61979\AppData\Roaming\npm;F:\Fiddler4\Fiddler;C:\Users\61979\AppData\Local\Microsoft\WindowsApps;
USERNAME=61979
OS=Windows_NT
PROCESSOR_IDENTIFIER=Intel64 Family 6 Model 78 Stepping 3, GenuineIntel



---------------  S Y S T E M  ---------------

OS: Windows 10.0 , 64 bit Build 18362 (10.0.18362.329)

CPU:total 4 (initial active 4) (2 cores per cpu, 2 threads per core) family 6 model 78 stepping 3, cmov, cx8, fxsr, mmx, sse, sse2, sse3, ssse3, sse4.1, sse4.2, popcnt, avx, avx2, aes, clmul, erms, 3dnowpref, lzcnt, ht, tsc, tscinvbit, bmi1, bmi2, adx

Memory: 4k page, physical 8244684k(1073408k free), swap 8244684k(5396k free)

vm_info: Java HotSpot(TM) 64-Bit Server VM (25.144-b01) for windows-amd64 JRE (1.8.0_144-b01), built on Jul 21 2017 21:57:33 by "java_re" with MS VC++ 10.0 (VS2010)

time: Sun Apr 12 11:39:38 2020
elapsed time: 11 seconds (0d 0h 0m 11s)

