#
# There is insufficient memory for the Java Runtime Environment to continue.
# Native memory allocation (malloc) failed to allocate 345056 bytes for Chunk::new
# Possible reasons:
#   The system is out of physical RAM or swap space
#   In 32 bit mode, the process size limit was hit
# Possible solutions:
#   Reduce memory load on the system
#   Increase physical memory or swap space
#   Check if swap backing store is full
#   Use 64 bit Java on a 64 bit OS
#   Decrease Java heap size (-Xmx/-Xms)
#   Decrease number of Java threads
#   Decrease Java thread stack sizes (-Xss)
#   Set larger code cache with -XX:ReservedCodeCacheSize=
# This output file may be truncated or incomplete.
#
#  Out of Memory Error (allocation.cpp:390), pid=13248, tid=0x0000000000002a68
#
# JRE version: Java(TM) SE Runtime Environment (8.0_144-b01) (build 1.8.0_144-b01)
# Java VM: Java HotSpot(TM) 64-Bit Server VM (25.144-b01 mixed mode windows-amd64 compressed oops)
# Failed to write core dump. Minidumps are not enabled by default on client versions of Windows
#

---------------  T H R E A D  ---------------

Current thread (0x0000000016b3e000):  JavaThread "C2 CompilerThread1" daemon [_thread_in_native, id=10856, stack(0x0000000018530000,0x0000000018630000)]

Stack: [0x0000000018530000,0x0000000018630000]
[error occurred during error reporting (printing stack bounds), id 0xc0000005]

Native frames: (J=compiled Java code, j=interpreted, Vv=VM code, C=native code)


Current CompileTask:
C2:  21875 8353       4       org.gradle.api.internal.changedetection.state.DefaultFileSystemSnapshotter$2::create (5 bytes)


---------------  P R O C E S S  ---------------

Java Threads: ( => current thread )
  0x000000001b973800 JavaThread "Task worker for ':' Thread 3" [_thread_blocked, id=3772, stack(0x0000000022bb0000,0x0000000022cb0000)]
  0x000000001b972000 JavaThread "Task worker for ':' Thread 2" [_thread_blocked, id=2664, stack(0x0000000022ab0000,0x0000000022bb0000)]
  0x000000001b972800 JavaThread "Task worker for ':'" [_thread_blocked, id=7556, stack(0x00000000229b0000,0x0000000022ab0000)]
  0x000000001b974000 JavaThread "Cache worker for Build Output Cleanup Cache (D:\project\MootCourt\.gradle\buildOutputCleanup)" [_thread_blocked, id=11852, stack(0x00000000224f0000,0x00000000225f0000)]
  0x000000001b971000 JavaThread "Cache worker for task history cache (D:\project\MootCourt\.gradle\4.6\taskHistory)" [_thread_blocked, id=8968, stack(0x00000000223f0000,0x00000000224f0000)]
  0x000000001b970800 JavaThread "Cache worker for file content cache (D:\project\MootCourt\.gradle\4.6\fileContent)" [_thread_blocked, id=7032, stack(0x00000000222f0000,0x00000000223f0000)]
  0x000000001b96c800 JavaThread "Memory manager" [_thread_blocked, id=10796, stack(0x0000000020f30000,0x0000000021030000)]
  0x000000001b96f000 JavaThread "Build operations Thread 4" [_thread_blocked, id=4184, stack(0x0000000020630000,0x0000000020730000)]
  0x000000001997c800 JavaThread "Build operations Thread 3" [_thread_blocked, id=7468, stack(0x0000000020290000,0x0000000020390000)]
  0x000000001997f000 JavaThread "Build operations Thread 2" [_thread_blocked, id=12464, stack(0x0000000020190000,0x0000000020290000)]
  0x0000000019980800 JavaThread "Build operations" [_thread_blocked, id=10836, stack(0x000000001ee00000,0x000000001ef00000)]
  0x000000001997c000 JavaThread "Cache worker for Artifact transforms cache (C:\Users\61979\.gradle\caches\transforms-1)" [_thread_blocked, id=2748, stack(0x000000001d550000,0x000000001d650000)]
  0x0000000019979800 JavaThread "Cache worker for file hash cache (D:\project\MootCourt\.gradle\4.6\fileHashes)" [_thread_blocked, id=2396, stack(0x000000001c280000,0x000000001c380000)]
  0x000000001997b000 JavaThread "File lock request listener" [_thread_in_native, id=12328, stack(0x000000001c180000,0x000000001c280000)]
  0x000000001997e000 JavaThread "Cache worker for file hash cache (C:\Users\61979\.gradle\caches\4.6\fileHashes)" [_thread_blocked, id=5648, stack(0x000000001c080000,0x000000001c180000)]
  0x0000000019b9e800 JavaThread "Stdin handler" [_thread_blocked, id=3680, stack(0x000000001adb0000,0x000000001aeb0000)]
  0x0000000019b9e000 JavaThread "Asynchronous log dispatcher for DefaultDaemonConnection: socket connection from /127.0.0.1:8142 to /127.0.0.1:8143" [_thread_in_native, id=1304, stack(0x000000001acb0000,0x000000001adb0000)]
  0x00000000199d5800 JavaThread "Daemon worker" [_thread_in_Java, id=10528, stack(0x000000001abb0000,0x000000001acb0000)]
  0x00000000199d5000 JavaThread "Cancel handler" [_thread_blocked, id=840, stack(0x000000001aab0000,0x000000001abb0000)]
  0x00000000196ea800 JavaThread "Handler for socket connection from /127.0.0.1:8142 to /127.0.0.1:8143" [_thread_in_native, id=10308, stack(0x000000001a7b0000,0x000000001a8b0000)]
  0x0000000019b30800 JavaThread "Daemon" [_thread_blocked, id=8520, stack(0x000000001a6b0000,0x000000001a7b0000)]
  0x0000000019787800 JavaThread "Daemon periodic checks" [_thread_blocked, id=4960, stack(0x000000001a5b0000,0x000000001a6b0000)]
  0x0000000019779000 JavaThread "Incoming local TCP Connector on port 8142" [_thread_in_native, id=11500, stack(0x000000001a400000,0x000000001a500000)]
  0x000000001982f800 JavaThread "Daemon health stats" [_thread_blocked, id=10500, stack(0x000000001a100000,0x000000001a200000)]
  0x0000000017ec1000 JavaThread "Service Thread" daemon [_thread_blocked, id=12348, stack(0x0000000018730000,0x0000000018830000)]
  0x0000000017e3f800 JavaThread "C1 CompilerThread2" daemon [_thread_blocked, id=1920, stack(0x0000000018630000,0x0000000018730000)]
=>0x0000000016b3e000 JavaThread "C2 CompilerThread1" daemon [_thread_in_native, id=10856, stack(0x0000000018530000,0x0000000018630000)]
  0x0000000016b3b000 JavaThread "C2 CompilerThread0" daemon [_thread_in_vm, id=6456, stack(0x0000000018430000,0x0000000018530000)]
  0x0000000016b39000 JavaThread "Attach Listener" daemon [_thread_blocked, id=13188, stack(0x0000000018330000,0x0000000018430000)]
  0x0000000016aef000 JavaThread "Signal Dispatcher" daemon [_thread_blocked, id=2228, stack(0x0000000018230000,0x0000000018330000)]
  0x0000000016aca800 JavaThread "Finalizer" daemon [_thread_blocked, id=12004, stack(0x0000000017d30000,0x0000000017e30000)]
  0x0000000003160000 JavaThread "Reference Handler" daemon [_thread_blocked, id=7080, stack(0x0000000017c30000,0x0000000017d30000)]
  0x000000000306e000 JavaThread "main" [_thread_blocked, id=3796, stack(0x0000000002f60000,0x0000000003060000)]

Other Threads:
  0x0000000016aa7800 VMThread [stack: 0x0000000017b30000,0x0000000017c30000] [id=10972]
  0x0000000017ef2000 WatcherThread [stack: 0x0000000018830000,0x0000000018930000] [id=12640]

VM state:not at safepoint (normal execution)

VM Mutex/Monitor currently owned by a thread: None

Heap:
 PSYoungGen      total 147968K, used 87384K [0x00000000e0000000, 0x00000000ec500000, 0x0000000100000000)
  eden space 133632K, 65% used [0x00000000e0000000,0x00000000e5556148,0x00000000e8280000)
  from space 14336K, 0% used [0x00000000e8280000,0x00000000e8280000,0x00000000e9080000)
  to   space 18432K, 0% used [0x00000000eb300000,0x00000000eb300000,0x00000000ec500000)
 ParOldGen       total 147456K, used 40272K [0x00000000a0000000, 0x00000000a9000000, 0x00000000e0000000)
  object space 147456K, 27% used [0x00000000a0000000,0x00000000a27542f8,0x00000000a9000000)
 Metaspace       used 60496K, capacity 62706K, committed 62976K, reserved 1103872K
  class space    used 8268K, capacity 8859K, committed 8960K, reserved 1048576K

Card table byte_map: [0x0000000012530000,0x0000000012840000] byte_map_base: 0x0000000012030000

Marking Bits: (ParMarkBitMap*) 0x0000000058cdd850
 Begin Bits: [0x0000000012e40000, 0x0000000014640000)
 End Bits:   [0x0000000014640000, 0x0000000015e40000)

Polling page: 0x0000000001350000

CodeCache: size=245760Kb used=24892Kb max_used=24892Kb free=220867Kb
 bounds [0x0000000003170000, 0x00000000049e0000, 0x0000000012170000]
 total_blobs=8592 nmethods=7788 adapters=715
 compilation: enabled

Compilation events (10 events):
Event: 21.863 Thread 0x0000000017e3f800 8358       3       java.util.ArrayDeque$DeqIterator::<init> (37 bytes)
Event: 21.863 Thread 0x0000000017e3f800 nmethod 8358 0x00000000049cdc90 code [0x00000000049cde00, 0x00000000049cdff0]
Event: 21.865 Thread 0x0000000017e3f800 8359       3       org.gradle.api.internal.AbstractTask::toString (43 bytes)
Event: 21.867 Thread 0x0000000017e3f800 nmethod 8359 0x00000000049d22d0 code [0x00000000049d2520, 0x00000000049d3328]
Event: 21.867 Thread 0x0000000017e3f800 8360       3       com.google.common.collect.ImmutableSortedSet$Builder::<init> (16 bytes)
Event: 21.867 Thread 0x0000000017e3f800 nmethod 8360 0x00000000049d1850 code [0x00000000049d1a00, 0x00000000049d1f98]
Event: 21.867 Thread 0x0000000017e3f800 8361       3       com.google.common.collect.ImmutableSortedSet$Builder::build (31 bytes)
Event: 21.868 Thread 0x0000000017e3f800 nmethod 8361 0x00000000049cd7d0 code [0x00000000049cd940, 0x00000000049cdbb8]
Event: 21.870 Thread 0x0000000017e3f800 8362       1       org.gradle.api.internal.tasks.properties.PropertyVisitor$Adapter::visitInputProperty (1 bytes)
Event: 21.870 Thread 0x0000000017e3f800 nmethod 8362 0x00000000049cd510 code [0x00000000049cd660, 0x00000000049cd770]

GC Heap History (10 events):
Event: 10.896 GC heap before
{Heap before GC invocations=12 (full 2):
 PSYoungGen      total 95744K, used 84480K [0x00000000e0000000, 0x00000000e8b80000, 0x0000000100000000)
  eden space 84480K, 100% used [0x00000000e0000000,0x00000000e5280000,0x00000000e5280000)
  from space 11264K, 0% used [0x00000000e5280000,0x00000000e5280000,0x00000000e5d80000)
  to   space 11776K, 0% used [0x00000000e8000000,0x00000000e8000000,0x00000000e8b80000)
 ParOldGen       total 92672K, used 17071K [0x00000000a0000000, 0x00000000a5a80000, 0x00000000e0000000)
  object space 92672K, 18% used [0x00000000a0000000,0x00000000a10abc80,0x00000000a5a80000)
 Metaspace       used 40713K, capacity 41222K, committed 41600K, reserved 1085440K
  class space    used 5588K, capacity 5755K, committed 5760K, reserved 1048576K
Event: 10.908 GC heap after
Heap after GC invocations=12 (full 2):
 PSYoungGen      total 116224K, used 8605K [0x00000000e0000000, 0x00000000e8880000, 0x0000000100000000)
  eden space 107520K, 0% used [0x00000000e0000000,0x00000000e0000000,0x00000000e6900000)
  from space 8704K, 98% used [0x00000000e8000000,0x00000000e88674f0,0x00000000e8880000)
  to   space 11776K, 0% used [0x00000000e7180000,0x00000000e7180000,0x00000000e7d00000)
 ParOldGen       total 92672K, used 17079K [0x00000000a0000000, 0x00000000a5a80000, 0x00000000e0000000)
  object space 92672K, 18% used [0x00000000a0000000,0x00000000a10adc80,0x00000000a5a80000)
 Metaspace       used 40713K, capacity 41222K, committed 41600K, reserved 1085440K
  class space    used 5588K, capacity 5755K, committed 5760K, reserved 1048576K
}
Event: 14.857 GC heap before
{Heap before GC invocations=13 (full 2):
 PSYoungGen      total 116224K, used 116125K [0x00000000e0000000, 0x00000000e8880000, 0x0000000100000000)
  eden space 107520K, 100% used [0x00000000e0000000,0x00000000e6900000,0x00000000e6900000)
  from space 8704K, 98% used [0x00000000e8000000,0x00000000e88674f0,0x00000000e8880000)
  to   space 11776K, 0% used [0x00000000e7180000,0x00000000e7180000,0x00000000e7d00000)
 ParOldGen       total 92672K, used 17079K [0x00000000a0000000, 0x00000000a5a80000, 0x00000000e0000000)
  object space 92672K, 18% used [0x00000000a0000000,0x00000000a10adc80,0x00000000a5a80000)
 Metaspace       used 45340K, capacity 46126K, committed 46336K, reserved 1089536K
  class space    used 6171K, capacity 6390K, committed 6400K, reserved 1048576K
Event: 14.876 GC heap after
Heap after GC invocations=13 (full 2):
 PSYoungGen      total 128000K, used 11750K [0x00000000e0000000, 0x00000000e9e00000, 0x0000000100000000)
  eden space 116224K, 0% used [0x00000000e0000000,0x00000000e0000000,0x00000000e7180000)
  from space 11776K, 99% used [0x00000000e7180000,0x00000000e7cf9830,0x00000000e7d00000)
  to   space 13824K, 0% used [0x00000000e9080000,0x00000000e9080000,0x00000000e9e00000)
 ParOldGen       total 92672K, used 18688K [0x00000000a0000000, 0x00000000a5a80000, 0x00000000e0000000)
  object space 92672K, 20% used [0x00000000a0000000,0x00000000a1240358,0x00000000a5a80000)
 Metaspace       used 45340K, capacity 46126K, committed 46336K, reserved 1089536K
  class space    used 6171K, capacity 6390K, committed 6400K, reserved 1048576K
}
Event: 17.004 GC heap before
{Heap before GC invocations=14 (full 2):
 PSYoungGen      total 128000K, used 127974K [0x00000000e0000000, 0x00000000e9e00000, 0x0000000100000000)
  eden space 116224K, 100% used [0x00000000e0000000,0x00000000e7180000,0x00000000e7180000)
  from space 11776K, 99% used [0x00000000e7180000,0x00000000e7cf9830,0x00000000e7d00000)
  to   space 13824K, 0% used [0x00000000e9080000,0x00000000e9080000,0x00000000e9e00000)
 ParOldGen       total 92672K, used 18688K [0x00000000a0000000, 0x00000000a5a80000, 0x00000000e0000000)
  object space 92672K, 20% used [0x00000000a0000000,0x00000000a1240358,0x00000000a5a80000)
 Metaspace       used 50871K, capacity 51766K, committed 51968K, reserved 1093632K
  class space    used 6863K, capacity 7106K, committed 7168K, reserved 1048576K
Event: 17.021 GC heap after
Heap after GC invocations=14 (full 2):
 PSYoungGen      total 147456K, used 10364K [0x00000000e0000000, 0x00000000ea880000, 0x0000000100000000)
  eden space 133632K, 0% used [0x00000000e0000000,0x00000000e0000000,0x00000000e8280000)
  from space 13824K, 74% used [0x00000000e9080000,0x00000000e9a9f1e8,0x00000000e9e00000)
  to   space 14336K, 0% used [0x00000000e8280000,0x00000000e8280000,0x00000000e9080000)
 ParOldGen       total 92672K, used 23573K [0x00000000a0000000, 0x00000000a5a80000, 0x00000000e0000000)
  object space 92672K, 25% used [0x00000000a0000000,0x00000000a17054f0,0x00000000a5a80000)
 Metaspace       used 50871K, capacity 51766K, committed 51968K, reserved 1093632K
  class space    used 6863K, capacity 7106K, committed 7168K, reserved 1048576K
}
Event: 19.427 GC heap before
{Heap before GC invocations=15 (full 2):
 PSYoungGen      total 147456K, used 104127K [0x00000000e0000000, 0x00000000ea880000, 0x0000000100000000)
  eden space 133632K, 70% used [0x00000000e0000000,0x00000000e5b90bf8,0x00000000e8280000)
  from space 13824K, 74% used [0x00000000e9080000,0x00000000e9a9f1e8,0x00000000e9e00000)
  to   space 14336K, 0% used [0x00000000e8280000,0x00000000e8280000,0x00000000e9080000)
 ParOldGen       total 92672K, used 23573K [0x00000000a0000000, 0x00000000a5a80000, 0x00000000e0000000)
  object space 92672K, 25% used [0x00000000a0000000,0x00000000a17054f0,0x00000000a5a80000)
 Metaspace       used 57089K, capacity 59138K, committed 59160K, reserved 1099776K
  class space    used 7812K, capacity 8298K, committed 8320K, reserved 1048576K
Event: 19.451 GC heap after
Heap after GC invocations=15 (full 2):
 PSYoungGen      total 147968K, used 14321K [0x00000000e0000000, 0x00000000ec500000, 0x0000000100000000)
  eden space 133632K, 0% used [0x00000000e0000000,0x00000000e0000000,0x00000000e8280000)
  from space 14336K, 99% used [0x00000000e8280000,0x00000000e907c6c0,0x00000000e9080000)
  to   space 18432K, 0% used [0x00000000eb300000,0x00000000eb300000,0x00000000ec500000)
 ParOldGen       total 92672K, used 30437K [0x00000000a0000000, 0x00000000a5a80000, 0x00000000e0000000)
  object space 92672K, 32% used [0x00000000a0000000,0x00000000a1db9588,0x00000000a5a80000)
 Metaspace       used 57089K, capacity 59138K, committed 59160K, reserved 1099776K
  class space    used 7812K, capacity 8298K, committed 8320K, reserved 1048576K
}
Event: 19.451 GC heap before
{Heap before GC invocations=16 (full 3):
 PSYoungGen      total 147968K, used 14321K [0x00000000e0000000, 0x00000000ec500000, 0x0000000100000000)
  eden space 133632K, 0% used [0x00000000e0000000,0x00000000e0000000,0x00000000e8280000)
  from space 14336K, 99% used [0x00000000e8280000,0x00000000e907c6c0,0x00000000e9080000)
  to   space 18432K, 0% used [0x00000000eb300000,0x00000000eb300000,0x00000000ec500000)
 ParOldGen       total 92672K, used 30437K [0x00000000a0000000, 0x00000000a5a80000, 0x00000000e0000000)
  object space 92672K, 32% used [0x00000000a0000000,0x00000000a1db9588,0x00000000a5a80000)
 Metaspace       used 57089K, capacity 59138K, committed 59160K, reserved 1099776K
  class space    used 7812K, capacity 8298K, committed 8320K, reserved 1048576K
Event: 19.753 GC heap after
Heap after GC invocations=16 (full 3):
 PSYoungGen      total 147968K, used 0K [0x00000000e0000000, 0x00000000ec500000, 0x0000000100000000)
  eden space 133632K, 0% used [0x00000000e0000000,0x00000000e0000000,0x00000000e8280000)
  from space 14336K, 0% used [0x00000000e8280000,0x00000000e8280000,0x00000000e9080000)
  to   space 18432K, 0% used [0x00000000eb300000,0x00000000eb300000,0x00000000ec500000)
 ParOldGen       total 147456K, used 40272K [0x00000000a0000000, 0x00000000a9000000, 0x00000000e0000000)
  object space 147456K, 27% used [0x00000000a0000000,0x00000000a27542f8,0x00000000a9000000)
 Metaspace       used 57089K, capacity 59138K, committed 59160K, reserved 1099776K
  class space    used 7812K, capacity 8298K, committed 8320K, reserved 1048576K
}

Deoptimization events (10 events):
Event: 21.295 Thread 0x00000000199d5800 Uncommon trap: reason=unstable_if action=reinterpret pc=0x000000000426be58 method=com.sun.org.apache.xerces.internal.impl.XMLEntityScanner.skipSpaces()Z @ 85
Event: 21.295 Thread 0x00000000199d5800 Uncommon trap: reason=unstable_if action=reinterpret pc=0x00000000041e462c method=com.sun.org.apache.xerces.internal.impl.XMLEntityScanner.peekChar()I @ 51
Event: 21.332 Thread 0x00000000199d5800 Uncommon trap: reason=unstable_if action=reinterpret pc=0x0000000003550d4c method=org.gradle.internal.logging.text.AbstractLineChoppingStyledTextOutput$2.execute(Lorg/gradle/internal/logging/text/AbstractLineChoppingStyledTextOutput$StateContext;)V @ 30
Event: 21.349 Thread 0x00000000199d5800 Uncommon trap: reason=unstable_if action=reinterpret pc=0x0000000003fc0190 method=sun.nio.fs.WindowsPathParser.parse(Ljava/lang/String;Z)Lsun/nio/fs/WindowsPathParser$Result; @ 207
Event: 21.626 Thread 0x000000001b971000 Uncommon trap: reason=unstable_if action=reinterpret pc=0x0000000003411fa4 method=com.esotericsoftware.kryo.io.Input.readUtf8(I)V @ 79
Event: 21.743 Thread 0x00000000199d5800 Uncommon trap: reason=unstable_if action=reinterpret pc=0x0000000004856158 method=org.gradle.api.internal.file.pattern.PatternMatcherFactory$PathMatcherBackedSpec.isSatisfiedBy(Lorg/gradle/api/file/RelativePath;)Z @ 11
Event: 21.743 Thread 0x00000000199d5800 Uncommon trap: reason=unstable_if action=reinterpret pc=0x000000000484e498 method=java.lang.String.regionMatches(ZILjava/lang/String;II)Z @ 123
Event: 21.744 Thread 0x00000000199d5800 Uncommon trap: reason=unstable_if action=reinterpret pc=0x000000000358fcb0 method=java.lang.String.regionMatches(ZILjava/lang/String;II)Z @ 123
Event: 21.744 Thread 0x00000000199d5800 Uncommon trap: reason=unstable_if action=reinterpret pc=0x000000000484a790 method=org.gradle.api.internal.file.pattern.PatternMatcherFactory$PathMatcherBackedSpec.isSatisfiedBy(Lorg/gradle/api/file/RelativePath;)Z @ 11
Event: 21.744 Thread 0x00000000199d5800 Uncommon trap: reason=unstable_if action=reinterpret pc=0x00000000035e9844 method=java.lang.String.regionMatches(ZILjava/lang/String;II)Z @ 123

Internal exceptions (10 events):
Event: 21.852 Thread 0x00000000199d5800 Exception <a 'sun/nio/fs/WindowsException'> (0x00000000e5322070) thrown at [C:\re\workspace\8-2-build-windows-amd64-cygwin\jdk8u144\9417\hotspot\src\share\vm\prims\jni.cpp, line 709]
Event: 21.852 Thread 0x00000000199d5800 Exception <a 'sun/nio/fs/WindowsException'> (0x00000000e5322cb8) thrown at [C:\re\workspace\8-2-build-windows-amd64-cygwin\jdk8u144\9417\hotspot\src\share\vm\prims\jni.cpp, line 709]
Event: 21.852 Thread 0x00000000199d5800 Exception <a 'sun/nio/fs/WindowsException'> (0x00000000e5324cf8) thrown at [C:\re\workspace\8-2-build-windows-amd64-cygwin\jdk8u144\9417\hotspot\src\share\vm\prims\jni.cpp, line 709]
Event: 21.852 Thread 0x00000000199d5800 Exception <a 'sun/nio/fs/WindowsException'> (0x00000000e53257e0) thrown at [C:\re\workspace\8-2-build-windows-amd64-cygwin\jdk8u144\9417\hotspot\src\share\vm\prims\jni.cpp, line 709]
Event: 21.853 Thread 0x00000000199d5800 Exception <a 'sun/nio/fs/WindowsException'> (0x00000000e5327838) thrown at [C:\re\workspace\8-2-build-windows-amd64-cygwin\jdk8u144\9417\hotspot\src\share\vm\prims\jni.cpp, line 709]
Event: 21.853 Thread 0x00000000199d5800 Exception <a 'sun/nio/fs/WindowsException'> (0x00000000e5328320) thrown at [C:\re\workspace\8-2-build-windows-amd64-cygwin\jdk8u144\9417\hotspot\src\share\vm\prims\jni.cpp, line 709]
Event: 21.859 Thread 0x00000000199d5800 Exception <a 'sun/nio/fs/WindowsException'> (0x00000000e5356c88) thrown at [C:\re\workspace\8-2-build-windows-amd64-cygwin\jdk8u144\9417\hotspot\src\share\vm\prims\jni.cpp, line 709]
Event: 21.859 Thread 0x00000000199d5800 Exception <a 'sun/nio/fs/WindowsException'> (0x00000000e5357770) thrown at [C:\re\workspace\8-2-build-windows-amd64-cygwin\jdk8u144\9417\hotspot\src\share\vm\prims\jni.cpp, line 709]
Event: 21.860 Thread 0x00000000199d5800 Exception <a 'sun/nio/fs/WindowsException'> (0x00000000e53597f0) thrown at [C:\re\workspace\8-2-build-windows-amd64-cygwin\jdk8u144\9417\hotspot\src\share\vm\prims\jni.cpp, line 709]
Event: 21.860 Thread 0x00000000199d5800 Exception <a 'sun/nio/fs/WindowsException'> (0x00000000e535a2d8) thrown at [C:\re\workspace\8-2-build-windows-amd64-cygwin\jdk8u144\9417\hotspot\src\share\vm\prims\jni.cpp, line 709]

Events (10 events):
Event: 21.849 loading class com/android/builder/internal/compiler/DirectoryWalker$ExtensionSelector
Event: 21.849 loading class com/android/builder/internal/compiler/DirectoryWalker$ExtensionSelector done
Event: 21.853 loading class com/android/ide/common/process/LoggedProcessOutputHandler
Event: 21.853 loading class com/android/ide/common/process/LoggedProcessOutputHandler done
Event: 21.853 loading class com/android/ide/common/process/BaseProcessOutputHandler
Event: 21.853 loading class com/android/ide/common/process/BaseProcessOutputHandler done
Event: 21.854 loading class com/android/builder/internal/compiler/RenderScriptProcessor
Event: 21.854 loading class com/android/builder/internal/compiler/RenderScriptProcessor done
Event: 21.857 loading class com/android/builder/internal/compiler/RenderScriptProcessor$Abi
Event: 21.857 loading class com/android/builder/internal/compiler/RenderScriptProcessor$Abi done


Dynamic libraries:
0x00007ff6ff360000 - 0x00007ff6ff397000 	C:\Program Files\Java\jdk1.8.0_144\bin\java.exe
0x00007ffec7640000 - 0x00007ffec7830000 	C:\WINDOWS\SYSTEM32\ntdll.dll
0x00007ffec7240000 - 0x00007ffec72f2000 	C:\WINDOWS\System32\KERNEL32.DLL
0x00007ffec4fc0000 - 0x00007ffec5263000 	C:\WINDOWS\System32\KERNELBASE.dll
0x00007ffec7450000 - 0x00007ffec74f3000 	C:\WINDOWS\System32\ADVAPI32.dll
0x00007ffec61f0000 - 0x00007ffec628e000 	C:\WINDOWS\System32\msvcrt.dll
0x00007ffec7560000 - 0x00007ffec75f7000 	C:\WINDOWS\System32\sechost.dll
0x00007ffec59d0000 - 0x00007ffec5af0000 	C:\WINDOWS\System32\RPCRT4.dll
0x00007ffec5830000 - 0x00007ffec59c4000 	C:\WINDOWS\System32\USER32.dll
0x00007ffec4690000 - 0x00007ffec46b1000 	C:\WINDOWS\System32\win32u.dll
0x00007ffec7190000 - 0x00007ffec71b6000 	C:\WINDOWS\System32\GDI32.dll
0x00007ffec52c0000 - 0x00007ffec5454000 	C:\WINDOWS\System32\gdi32full.dll
0x00007ffec45d0000 - 0x00007ffec466e000 	C:\WINDOWS\System32\msvcp_win.dll
0x00007ffec4e40000 - 0x00007ffec4f3a000 	C:\WINDOWS\System32\ucrtbase.dll
0x00007ffeb8870000 - 0x00007ffeb8af5000 	C:\WINDOWS\WinSxS\amd64_microsoft.windows.common-controls_6595b64144ccf1df_6.0.18362.720_none_e6beb5c51314836b\COMCTL32.dll
0x00007ffec65e0000 - 0x00007ffec6916000 	C:\WINDOWS\System32\combase.dll
0x00007ffec4f40000 - 0x00007ffec4fc0000 	C:\WINDOWS\System32\bcryptPrimitives.dll
0x00007ffec61c0000 - 0x00007ffec61ee000 	C:\WINDOWS\System32\IMM32.DLL
0x0000000058d60000 - 0x0000000058e32000 	C:\Program Files\Java\jdk1.8.0_144\jre\bin\msvcr100.dll
0x00000000584c0000 - 0x0000000058d5d000 	C:\Program Files\Java\jdk1.8.0_144\jre\bin\server\jvm.dll
0x00007ffec5f60000 - 0x00007ffec5f68000 	C:\WINDOWS\System32\PSAPI.DLL
0x00007ffebc5b0000 - 0x00007ffebc5d4000 	C:\WINDOWS\SYSTEM32\WINMM.dll
0x00007ffebc5a0000 - 0x00007ffebc5aa000 	C:\WINDOWS\SYSTEM32\VERSION.dll
0x00007ffeaeec0000 - 0x00007ffeaeec9000 	C:\WINDOWS\SYSTEM32\WSOCK32.dll
0x00007ffec7370000 - 0x00007ffec73df000 	C:\WINDOWS\System32\WS2_32.dll
0x00007ffebc070000 - 0x00007ffebc09d000 	C:\WINDOWS\SYSTEM32\winmmbase.dll
0x00007ffec5270000 - 0x00007ffec52ba000 	C:\WINDOWS\System32\cfgmgr32.dll
0x0000000058f80000 - 0x0000000058f8f000 	C:\Program Files\Java\jdk1.8.0_144\jre\bin\verify.dll
0x0000000058490000 - 0x00000000584b9000 	C:\Program Files\Java\jdk1.8.0_144\jre\bin\java.dll
0x0000000058470000 - 0x0000000058486000 	C:\Program Files\Java\jdk1.8.0_144\jre\bin\zip.dll
0x00007ffec6920000 - 0x00007ffec7005000 	C:\WINDOWS\System32\SHELL32.dll
0x00007ffec6530000 - 0x00007ffec65d9000 	C:\WINDOWS\System32\shcore.dll
0x00007ffec46c0000 - 0x00007ffec4e40000 	C:\WINDOWS\System32\windows.storage.dll
0x00007ffec4560000 - 0x00007ffec4583000 	C:\WINDOWS\System32\profapi.dll
0x00007ffec4510000 - 0x00007ffec455a000 	C:\WINDOWS\System32\powrprof.dll
0x00007ffec4500000 - 0x00007ffec4510000 	C:\WINDOWS\System32\UMPDC.dll
0x00007ffec6290000 - 0x00007ffec62e2000 	C:\WINDOWS\System32\shlwapi.dll
0x00007ffec45b0000 - 0x00007ffec45c1000 	C:\WINDOWS\System32\kernel.appcore.dll
0x00007ffec4670000 - 0x00007ffec4687000 	C:\WINDOWS\System32\cryptsp.dll
0x0000000058450000 - 0x000000005846a000 	C:\Program Files\Java\jdk1.8.0_144\jre\bin\net.dll
0x00007ffec3ce0000 - 0x00007ffec3d47000 	C:\WINDOWS\system32\mswsock.dll
0x0000000058430000 - 0x0000000058441000 	C:\Program Files\Java\jdk1.8.0_144\jre\bin\nio.dll
0x00007ffebbc00000 - 0x00007ffebbc1e000 	C:\Users\61979\.gradle\native\25\windows-amd64\native-platform.dll
0x0000000058f70000 - 0x0000000058f7d000 	C:\Program Files\Java\jdk1.8.0_144\jre\bin\management.dll
0x00007ffec3850000 - 0x00007ffec3883000 	C:\WINDOWS\system32\rsaenh.dll
0x00007ffec56c0000 - 0x00007ffec56e6000 	C:\WINDOWS\System32\bcrypt.dll
0x00007ffec4420000 - 0x00007ffec4445000 	C:\WINDOWS\SYSTEM32\USERENV.dll
0x00007ffec3eb0000 - 0x00007ffec3ebc000 	C:\WINDOWS\SYSTEM32\CRYPTBASE.dll
0x00007ffec39f0000 - 0x00007ffec3a2a000 	C:\WINDOWS\SYSTEM32\IPHLPAPI.DLL
0x00007ffec73e0000 - 0x00007ffec73e8000 	C:\WINDOWS\System32\NSI.dll
0x00007ffebe730000 - 0x00007ffebe746000 	C:\WINDOWS\SYSTEM32\dhcpcsvc6.DLL
0x00007ffebe710000 - 0x00007ffebe72c000 	C:\WINDOWS\SYSTEM32\dhcpcsvc.DLL
0x00007ffec3a30000 - 0x00007ffec3afa000 	C:\WINDOWS\SYSTEM32\DNSAPI.dll

VM Arguments:
jvm_args: -Xmx1536m -Dfile.encoding=GBK -Duser.country=CN -Duser.language=zh -Duser.variant 
java_command: org.gradle.launcher.daemon.bootstrap.GradleDaemon 4.6
java_class_path (initial): C:\Users\61979\.gradle\wrapper\dists\gradle-4.6-all\bcst21l2brirad8k2ben1letg\gradle-4.6\lib\gradle-launcher-4.6.jar
Launcher Type: SUN_STANDARD

Environment Variables:
JAVA_HOME=C:\Program Files\Java\jdk1.8.0_144
CLASSPATH=D:\project\MootCourt\\gradle\wrapper\gradle-wrapper.jar
PATH=C:\ProgramData\Oracle\Java\javapath;C:\WINDOWS\system32;C:\WINDOWS;C:\WINDOWS\System32\Wbem;C:\WINDOWS\System32\WindowsPowerShell\v1.0\;D:\matlab\runtime\win64;D:\matlab\bin;D:\matlab\polyspace\bin;C:\Program Files\Java\jdk1.8.0_144\bin;D:\软件\编译器\bin;D:\软;\AS\SDK\platform-tools;C:\WINDOWS\System32\OpenSSH\;F:\MySQL\mysql-5.6.41-winx64\bin;F:\matlab\runtime\win64;F:\matlab\bin;F:\matlab\polyspace\bin;D:\软件\slik svn\bin;C;\Program Files\Intel\WiFi\bin\;C:\Program Files\Common Files\Intel\WirelessCommon\;F:\Git\cmd;D:\apktools;D:\软件\AS\SDK\platform-tools;F:\tortoisegit\bin;C:\Program Files (x86)\Windows Kits\8.1\Windows Performance Toolkit\;F:\nodejs\;C:\Program Files (x86)\Intel\Intel(R) Management Engine Components\DAL;C:\Program Files\Intel\Intel(R) Management Engine Components\DAL;F:\AS\SDK\platform-tools;D:\数学建模实验\ampl;C:\Program Files\Intel\WiFi\bin\;C:\Program Files\Intel\WiFi\bin\;C:\Program Files\Common Files\Intel\WirelessCommon\;F:\Anaconda3;F:\Anaconda3\Library\mingw-w64\bin;F:\Anaconda3\Library\usr\bin;F:\Anaconda3\Library\bin;F:\Anaconda3\Scripts;C:\Users\61979\AppData\Local\Programs\Python\Python37\Scripts\;C:\Users\61979\AppData\Local\Programs\Python\Python37\;C:\Users\61979\AppData\Local\Microsoft\WindowsApps;F:\Microsoft VS Code\bin;F:\pycharm\PyCharm Community Edition 2018.3.2\bin;C:\Users\61979\AppData\Roaming\npm;F:\Fiddler4\Fiddler;C:\Users\61979\AppData\Local\Microsoft\WindowsApps;
USERNAME=61979
OS=Windows_NT
PROCESSOR_IDENTIFIER=Intel64 Family 6 Model 78 Stepping 3, GenuineIntel



---------------  S Y S T E M  ---------------

OS: Windows 10.0 , 64 bit Build 18362 (10.0.18362.329)

CPU:total 4 (initial active 4) (2 cores per cpu, 2 threads per core) family 6 model 78 stepping 3, cmov, cx8, fxsr, mmx, sse, sse2, sse3, ssse3, sse4.1, sse4.2, popcnt, avx, avx2, aes, clmul, erms, 3dnowpref, lzcnt, ht, tsc, tscinvbit, bmi1, bmi2, adx

Memory: 4k page, physical 8244684k(799800k free), swap 8244684k(5176k free)

vm_info: Java HotSpot(TM) 64-Bit Server VM (25.144-b01) for windows-amd64 JRE (1.8.0_144-b01), built on Jul 21 2017 21:57:33 by "java_re" with MS VC++ 10.0 (VS2010)

time: Tue Mar 24 19:33:45 2020
elapsed time: 21 seconds (0d 0h 0m 21s)

