#
# There is insufficient memory for the Java Runtime Environment to continue.
# Native memory allocation (malloc) failed to allocate 1134816 bytes for Chunk::new
# Possible reasons:
#   The system is out of physical RAM or swap space
#   In 32 bit mode, the process size limit was hit
# Possible solutions:
#   Reduce memory load on the system
#   Increase physical memory or swap space
#   Check if swap backing store is full
#   Use 64 bit Java on a 64 bit OS
#   Decrease Java heap size (-Xmx/-Xms)
#   Decrease number of Java threads
#   Decrease Java thread stack sizes (-Xss)
#   Set larger code cache with -XX:ReservedCodeCacheSize=
# This output file may be truncated or incomplete.
#
#  Out of Memory Error (allocation.cpp:390), pid=10032, tid=0x0000000000003340
#
# JRE version: Java(TM) SE Runtime Environment (8.0_144-b01) (build 1.8.0_144-b01)
# Java VM: Java HotSpot(TM) 64-Bit Server VM (25.144-b01 mixed mode windows-amd64 compressed oops)
# Failed to write core dump. Minidumps are not enabled by default on client versions of Windows
#

---------------  T H R E A D  ---------------

Current thread (0x000000001623e000):  JavaThread "C2 CompilerThread1" daemon [_thread_in_native, id=13120, stack(0x0000000017c50000,0x0000000017d50000)]

Stack: [0x0000000017c50000,0x0000000017d50000]
[error occurred during error reporting (printing stack bounds), id 0xc0000005]

Native frames: (J=compiled Java code, j=interpreted, Vv=VM code, C=native code)


Current CompileTask:
C2:  15835 6487   !   4       com.sun.beans.TypeResolver::resolve (274 bytes)


---------------  P R O C E S S  ---------------

Java Threads: ( => current thread )
  0x0000000019366800 JavaThread "Memory manager" [_thread_blocked, id=15340, stack(0x000000001e0f0000,0x000000001e1f0000)]
  0x0000000019365800 JavaThread "Build operations Thread 4" [_thread_blocked, id=7080, stack(0x0000000020160000,0x0000000020260000)]
  0x0000000019368800 JavaThread "Build operations Thread 3" [_thread_blocked, id=10564, stack(0x0000000020060000,0x0000000020160000)]
  0x0000000019365000 JavaThread "Build operations Thread 2" [_thread_blocked, id=6156, stack(0x000000001f870000,0x000000001f970000)]
  0x000000001936a000 JavaThread "Build operations" [_thread_blocked, id=10476, stack(0x000000001f290000,0x000000001f390000)]
  0x0000000019368000 JavaThread "Cache worker for Artifact transforms cache (C:\Users\61979\.gradle\caches\transforms-1)" [_thread_blocked, id=4896, stack(0x000000001cbc0000,0x000000001ccc0000)]
  0x0000000019369800 JavaThread "Cache worker for file hash cache (D:\project\MootCourt\.gradle\4.6\fileHashes)" [_thread_blocked, id=14504, stack(0x000000001b8f0000,0x000000001b9f0000)]
  0x0000000019363800 JavaThread "File lock request listener" [_thread_in_native, id=6292, stack(0x000000001b7f0000,0x000000001b8f0000)]
  0x0000000019367000 JavaThread "Cache worker for file hash cache (C:\Users\61979\.gradle\caches\4.6\fileHashes)" [_thread_blocked, id=14588, stack(0x000000001b6f0000,0x000000001b7f0000)]
  0x0000000019194000 JavaThread "Stdin handler" [_thread_blocked, id=1104, stack(0x000000001a420000,0x000000001a520000)]
  0x0000000019188000 JavaThread "Asynchronous log dispatcher for DefaultDaemonConnection: socket connection from /127.0.0.1:6556 to /127.0.0.1:6557" [_thread_blocked, id=9512, stack(0x000000001a320000,0x000000001a420000)]
  0x0000000019243800 JavaThread "Daemon worker" [_thread_in_Java, id=13344, stack(0x000000001a220000,0x000000001a320000)]
  0x00000000190f1800 JavaThread "Cancel handler" [_thread_blocked, id=13660, stack(0x000000001a120000,0x000000001a220000)]
  0x0000000018ef1800 JavaThread "Handler for socket connection from /127.0.0.1:6556 to /127.0.0.1:6557" [_thread_in_native, id=14424, stack(0x0000000019e20000,0x0000000019f20000)]
  0x0000000018ef0800 JavaThread "Daemon" [_thread_blocked, id=9952, stack(0x0000000019d20000,0x0000000019e20000)]
  0x0000000019045000 JavaThread "Daemon periodic checks" [_thread_blocked, id=10620, stack(0x0000000019c20000,0x0000000019d20000)]
  0x0000000018e20000 JavaThread "Incoming local TCP Connector on port 6556" [_thread_in_native, id=1108, stack(0x0000000019b20000,0x0000000019c20000)]
  0x0000000019079000 JavaThread "Daemon health stats" [_thread_blocked, id=8096, stack(0x0000000019820000,0x0000000019920000)]
  0x00000000175e2800 JavaThread "Service Thread" daemon [_thread_blocked, id=512, stack(0x0000000017e50000,0x0000000017f50000)]
  0x0000000017568800 JavaThread "C1 CompilerThread2" daemon [_thread_in_native, id=14328, stack(0x0000000017d50000,0x0000000017e50000)]
=>0x000000001623e000 JavaThread "C2 CompilerThread1" daemon [_thread_in_native, id=13120, stack(0x0000000017c50000,0x0000000017d50000)]
  0x000000001623a800 JavaThread "C2 CompilerThread0" daemon [_thread_in_native, id=10204, stack(0x0000000017b50000,0x0000000017c50000)]
  0x0000000016239000 JavaThread "Attach Listener" daemon [_thread_blocked, id=1596, stack(0x0000000017a50000,0x0000000017b50000)]
  0x00000000161ef000 JavaThread "Signal Dispatcher" daemon [_thread_blocked, id=4632, stack(0x0000000017950000,0x0000000017a50000)]
  0x00000000161ca800 JavaThread "Finalizer" daemon [_thread_blocked, id=14820, stack(0x0000000017450000,0x0000000017550000)]
  0x0000000002760000 JavaThread "Reference Handler" daemon [_thread_blocked, id=5312, stack(0x0000000017350000,0x0000000017450000)]
  0x000000000286e000 JavaThread "main" [_thread_blocked, id=8148, stack(0x0000000002220000,0x0000000002320000)]

Other Threads:
  0x00000000161a7800 VMThread [stack: 0x0000000017250000,0x0000000017350000] [id=11116]
  0x0000000017628800 WatcherThread [stack: 0x0000000017f50000,0x0000000018050000] [id=5404]

VM state:not at safepoint (normal execution)

VM Mutex/Monitor currently owned by a thread: None

Heap:
 PSYoungGen      total 134144K, used 32655K [0x00000000e0000000, 0x00000000eb700000, 0x0000000100000000)
  eden space 119808K, 15% used [0x00000000e0000000,0x00000000e11e76a0,0x00000000e7500000)
  from space 14336K, 99% used [0x00000000e7500000,0x00000000e82fc6b0,0x00000000e8300000)
  to   space 17920K, 0% used [0x00000000ea580000,0x00000000ea580000,0x00000000eb700000)
 ParOldGen       total 96768K, used 30289K [0x00000000a0000000, 0x00000000a5e80000, 0x00000000e0000000)
  object space 96768K, 31% used [0x00000000a0000000,0x00000000a1d94570,0x00000000a5e80000)
 Metaspace       used 54762K, capacity 57034K, committed 57216K, reserved 1097728K
  class space    used 7563K, capacity 8193K, committed 8320K, reserved 1048576K

Card table byte_map: [0x0000000011c30000,0x0000000011f40000] byte_map_base: 0x0000000011730000

Marking Bits: (ParMarkBitMap*) 0x000000005d67d850
 Begin Bits: [0x0000000012540000, 0x0000000013d40000)
 End Bits:   [0x0000000013d40000, 0x0000000015540000)

Polling page: 0x0000000000570000

CodeCache: size=245760Kb used=21581Kb max_used=21587Kb free=224178Kb
 bounds [0x0000000002870000, 0x0000000003da0000, 0x0000000011870000]
 total_blobs=7133 nmethods=6360 adapters=684
 compilation: enabled

Compilation events (10 events):
Event: 15.824 Thread 0x0000000017568800 6725       3       com.android.build.gradle.internal.scope.VariantScopeImpl::getTestedVariantData (28 bytes)
Event: 15.824 Thread 0x0000000017568800 nmethod 6725 0x0000000003d8fa10 code [0x0000000003d8fba0, 0x0000000003d90050]
Event: 15.827 Thread 0x0000000017568800 6726       3       org.gradle.api.internal.AbstractTask::setGroup (6 bytes)
Event: 15.827 Thread 0x0000000017568800 nmethod 6726 0x0000000003d90150 code [0x0000000003d902a0, 0x0000000003d90410]
Event: 15.827 Thread 0x0000000017568800 6727       1       com.android.build.gradle.internal.dependency.VariantDependencies::getApiElements (5 bytes)
Event: 15.828 Thread 0x0000000017568800 nmethod 6727 0x0000000003d90490 code [0x0000000003d905e0, 0x0000000003d906f0]
Event: 15.828 Thread 0x0000000017568800 6728       3       com.android.build.gradle.internal.scope.VariantScopeImpl::getType (11 bytes)
Event: 15.828 Thread 0x0000000017568800 nmethod 6728 0x0000000003d90750 code [0x0000000003d908a0, 0x0000000003d90b30]
Event: 15.829 Thread 0x0000000017568800 6729       3       com.android.build.gradle.internal.scope.VariantScopeImpl::getProject (8 bytes)
Event: 15.829 Thread 0x0000000017568800 nmethod 6729 0x0000000003d90c10 code [0x0000000003d90d60, 0x0000000003d90ef0]

GC Heap History (10 events):
Event: 9.109 GC heap before
{Heap before GC invocations=11 (full 2):
 PSYoungGen      total 88576K, used 8525K [0x00000000e0000000, 0x00000000e7e00000, 0x0000000100000000)
  eden space 77824K, 0% used [0x00000000e0000000,0x00000000e0000000,0x00000000e4c00000)
  from space 10752K, 79% used [0x00000000e4c00000,0x00000000e5453490,0x00000000e5680000)
  to   space 11264K, 0% used [0x00000000e7300000,0x00000000e7300000,0x00000000e7e00000)
 ParOldGen       total 61952K, used 10571K [0x00000000a0000000, 0x00000000a3c80000, 0x00000000e0000000)
  object space 61952K, 17% used [0x00000000a0000000,0x00000000a0a52cb8,0x00000000a3c80000)
 Metaspace       used 34569K, capacity 35278K, committed 35496K, reserved 1079296K
  class space    used 4874K, capacity 5099K, committed 5120K, reserved 1048576K
Event: 9.196 GC heap after
Heap after GC invocations=11 (full 2):
 PSYoungGen      total 88576K, used 0K [0x00000000e0000000, 0x00000000e7e00000, 0x0000000100000000)
  eden space 77824K, 0% used [0x00000000e0000000,0x00000000e0000000,0x00000000e4c00000)
  from space 10752K, 0% used [0x00000000e4c00000,0x00000000e4c00000,0x00000000e5680000)
  to   space 11264K, 0% used [0x00000000e7300000,0x00000000e7300000,0x00000000e7e00000)
 ParOldGen       total 96768K, used 16779K [0x00000000a0000000, 0x00000000a5e80000, 0x00000000e0000000)
  object space 96768K, 17% used [0x00000000a0000000,0x00000000a1062e40,0x00000000a5e80000)
 Metaspace       used 34569K, capacity 35278K, committed 35496K, reserved 1079296K
  class space    used 4874K, capacity 5099K, committed 5120K, reserved 1048576K
}
Event: 10.060 GC heap before
{Heap before GC invocations=12 (full 2):
 PSYoungGen      total 88576K, used 77824K [0x00000000e0000000, 0x00000000e7e00000, 0x0000000100000000)
  eden space 77824K, 100% used [0x00000000e0000000,0x00000000e4c00000,0x00000000e4c00000)
  from space 10752K, 0% used [0x00000000e4c00000,0x00000000e4c00000,0x00000000e5680000)
  to   space 11264K, 0% used [0x00000000e7300000,0x00000000e7300000,0x00000000e7e00000)
 ParOldGen       total 96768K, used 16779K [0x00000000a0000000, 0x00000000a5e80000, 0x00000000e0000000)
  object space 96768K, 17% used [0x00000000a0000000,0x00000000a1062e40,0x00000000a5e80000)
 Metaspace       used 38776K, capacity 39576K, committed 39936K, reserved 1083392K
  class space    used 5391K, capacity 5630K, committed 5632K, reserved 1048576K
Event: 10.072 GC heap after
Heap after GC invocations=12 (full 2):
 PSYoungGen      total 104960K, used 7224K [0x00000000e0000000, 0x00000000e7a80000, 0x0000000100000000)
  eden space 97280K, 0% used [0x00000000e0000000,0x00000000e0000000,0x00000000e5f00000)
  from space 7680K, 94% used [0x00000000e7300000,0x00000000e7a0e190,0x00000000e7a80000)
  to   space 10752K, 0% used [0x00000000e6580000,0x00000000e6580000,0x00000000e7000000)
 ParOldGen       total 96768K, used 16787K [0x00000000a0000000, 0x00000000a5e80000, 0x00000000e0000000)
  object space 96768K, 17% used [0x00000000a0000000,0x00000000a1064e40,0x00000000a5e80000)
 Metaspace       used 38776K, capacity 39576K, committed 39936K, reserved 1083392K
  class space    used 5391K, capacity 5630K, committed 5632K, reserved 1048576K
}
Event: 11.586 GC heap before
{Heap before GC invocations=13 (full 2):
 PSYoungGen      total 104960K, used 104504K [0x00000000e0000000, 0x00000000e7a80000, 0x0000000100000000)
  eden space 97280K, 100% used [0x00000000e0000000,0x00000000e5f00000,0x00000000e5f00000)
  from space 7680K, 94% used [0x00000000e7300000,0x00000000e7a0e190,0x00000000e7a80000)
  to   space 10752K, 0% used [0x00000000e6580000,0x00000000e6580000,0x00000000e7000000)
 ParOldGen       total 96768K, used 16787K [0x00000000a0000000, 0x00000000a5e80000, 0x00000000e0000000)
  object space 96768K, 17% used [0x00000000a0000000,0x00000000a1064e40,0x00000000a5e80000)
 Metaspace       used 42439K, capacity 43334K, committed 43520K, reserved 1087488K
  class space    used 5844K, capacity 6138K, committed 6144K, reserved 1048576K
Event: 11.600 GC heap after
Heap after GC invocations=13 (full 2):
 PSYoungGen      total 114688K, used 10748K [0x00000000e0000000, 0x00000000e9000000, 0x0000000100000000)
  eden space 103936K, 0% used [0x00000000e0000000,0x00000000e0000000,0x00000000e6580000)
  from space 10752K, 99% used [0x00000000e6580000,0x00000000e6fff300,0x00000000e7000000)
  to   space 13312K, 0% used [0x00000000e8300000,0x00000000e8300000,0x00000000e9000000)
 ParOldGen       total 96768K, used 19940K [0x00000000a0000000, 0x00000000a5e80000, 0x00000000e0000000)
  object space 96768K, 20% used [0x00000000a0000000,0x00000000a1379200,0x00000000a5e80000)
 Metaspace       used 42439K, capacity 43334K, committed 43520K, reserved 1087488K
  class space    used 5844K, capacity 6138K, committed 6144K, reserved 1048576K
}
Event: 12.969 GC heap before
{Heap before GC invocations=14 (full 2):
 PSYoungGen      total 114688K, used 114684K [0x00000000e0000000, 0x00000000e9000000, 0x0000000100000000)
  eden space 103936K, 100% used [0x00000000e0000000,0x00000000e6580000,0x00000000e6580000)
  from space 10752K, 99% used [0x00000000e6580000,0x00000000e6fff300,0x00000000e7000000)
  to   space 13312K, 0% used [0x00000000e8300000,0x00000000e8300000,0x00000000e9000000)
 ParOldGen       total 96768K, used 19940K [0x00000000a0000000, 0x00000000a5e80000, 0x00000000e0000000)
  object space 96768K, 20% used [0x00000000a0000000,0x00000000a1379200,0x00000000a5e80000)
 Metaspace       used 47624K, capacity 48630K, committed 48768K, reserved 1091584K
  class space    used 6516K, capacity 6782K, committed 6784K, reserved 1048576K
Event: 12.995 GC heap after
Heap after GC invocations=14 (full 2):
 PSYoungGen      total 133120K, used 11552K [0x00000000e0000000, 0x00000000e9b80000, 0x0000000100000000)
  eden space 119808K, 0% used [0x00000000e0000000,0x00000000e0000000,0x00000000e7500000)
  from space 13312K, 86% used [0x00000000e8300000,0x00000000e8e48090,0x00000000e9000000)
  to   space 14336K, 0% used [0x00000000e7500000,0x00000000e7500000,0x00000000e8300000)
 ParOldGen       total 96768K, used 24504K [0x00000000a0000000, 0x00000000a5e80000, 0x00000000e0000000)
  object space 96768K, 25% used [0x00000000a0000000,0x00000000a17ee368,0x00000000a5e80000)
 Metaspace       used 47624K, capacity 48630K, committed 48768K, reserved 1091584K
  class space    used 6516K, capacity 6782K, committed 6784K, reserved 1048576K
}
Event: 15.333 GC heap before
{Heap before GC invocations=15 (full 2):
 PSYoungGen      total 133120K, used 131360K [0x00000000e0000000, 0x00000000e9b80000, 0x0000000100000000)
  eden space 119808K, 100% used [0x00000000e0000000,0x00000000e7500000,0x00000000e7500000)
  from space 13312K, 86% used [0x00000000e8300000,0x00000000e8e48090,0x00000000e9000000)
  to   space 14336K, 0% used [0x00000000e7500000,0x00000000e7500000,0x00000000e8300000)
 ParOldGen       total 96768K, used 24504K [0x00000000a0000000, 0x00000000a5e80000, 0x00000000e0000000)
  object space 96768K, 25% used [0x00000000a0000000,0x00000000a17ee368,0x00000000a5e80000)
 Metaspace       used 54340K, capacity 56320K, committed 56448K, reserved 1097728K
  class space    used 7515K, capacity 8049K, committed 8064K, reserved 1048576K
Event: 15.371 GC heap after
Heap after GC invocations=15 (full 2):
 PSYoungGen      total 134144K, used 14321K [0x00000000e0000000, 0x00000000eb700000, 0x0000000100000000)
  eden space 119808K, 0% used [0x00000000e0000000,0x00000000e0000000,0x00000000e7500000)
  from space 14336K, 99% used [0x00000000e7500000,0x00000000e82fc6b0,0x00000000e8300000)
  to   space 17920K, 0% used [0x00000000ea580000,0x00000000ea580000,0x00000000eb700000)
 ParOldGen       total 96768K, used 30289K [0x00000000a0000000, 0x00000000a5e80000, 0x00000000e0000000)
  object space 96768K, 31% used [0x00000000a0000000,0x00000000a1d94570,0x00000000a5e80000)
 Metaspace       used 54340K, capacity 56320K, committed 56448K, reserved 1097728K
  class space    used 7515K, capacity 8049K, committed 8064K, reserved 1048576K
}

Deoptimization events (10 events):
Event: 14.236 Thread 0x0000000019243800 Uncommon trap: reason=class_check action=maybe_recompile pc=0x00000000037eda30 method=java.util.regex.Matcher.search(I)Z @ 86
Event: 14.236 Thread 0x0000000019243800 Uncommon trap: reason=class_check action=maybe_recompile pc=0x000000000373834c method=java.util.regex.Matcher.search(I)Z @ 86
Event: 14.238 Thread 0x0000000019243800 Uncommon trap: reason=unstable_if action=reinterpret pc=0x0000000003710520 method=java.util.regex.Pattern$LastNode.match(Ljava/util/regex/Matcher;ILjava/lang/CharSequence;)Z @ 13
Event: 14.238 Thread 0x0000000019243800 Uncommon trap: reason=unstable_if action=reinterpret pc=0x0000000003739ce8 method=java.util.regex.Pattern$GroupTail.match(Ljava/util/regex/Matcher;ILjava/lang/CharSequence;)Z @ 73
Event: 14.238 Thread 0x0000000019243800 Uncommon trap: reason=unstable_if action=reinterpret pc=0x0000000003739ce8 method=java.util.regex.Pattern$GroupTail.match(Ljava/util/regex/Matcher;ILjava/lang/CharSequence;)Z @ 73
Event: 14.400 Thread 0x0000000019243800 Uncommon trap: reason=unstable_if action=reinterpret pc=0x00000000034ca4bc method=java.util.TreeMap.put(Ljava/lang/Object;Ljava/lang/Object;)Ljava/lang/Object; @ 163
Event: 14.433 Thread 0x0000000019243800 Uncommon trap: reason=class_check action=maybe_recompile pc=0x00000000037eda30 method=java.util.regex.Matcher.search(I)Z @ 86
Event: 14.433 Thread 0x0000000019243800 Uncommon trap: reason=class_check action=maybe_recompile pc=0x000000000373834c method=java.util.regex.Matcher.search(I)Z @ 86
Event: 14.801 Thread 0x0000000019243800 Uncommon trap: reason=class_check action=maybe_recompile pc=0x00000000037eda30 method=java.util.regex.Matcher.search(I)Z @ 86
Event: 14.801 Thread 0x0000000019243800 Uncommon trap: reason=class_check action=maybe_recompile pc=0x000000000358c1dc method=java.util.regex.Matcher.search(I)Z @ 86

Internal exceptions (10 events):
Event: 15.553 Thread 0x0000000019243800 Exception <a 'sun/nio/fs/WindowsException'> (0x00000000e06f2ea8) thrown at [C:\re\workspace\8-2-build-windows-amd64-cygwin\jdk8u144\9417\hotspot\src\share\vm\prims\jni.cpp, line 709]
Event: 15.584 Thread 0x0000000019243800 Exception <a 'java/lang/ClassNotFoundException': com/android/build/gradle/internal/api/DefaultAndroidSourceFileBeanInfo> (0x00000000e0855f40) thrown at [C:\re\workspace\8-2-build-windows-amd64-cygwin\jdk8u144\9417\hotspot\src\share\vm\classfile\systemDict
Event: 15.585 Thread 0x0000000019243800 Exception <a 'java/lang/ClassNotFoundException': com/android/build/gradle/internal/api/DefaultAndroidSourceFileCustomizer> (0x00000000e088c958) thrown at [C:\re\workspace\8-2-build-windows-amd64-cygwin\jdk8u144\9417\hotspot\src\share\vm\classfile\systemDi
Event: 15.697 Thread 0x0000000019243800 Exception <a 'java/lang/ClassNotFoundException': build_xngqf63m8dsfwfn3knfovny5BeanInfo> (0x00000000e0bba9f0) thrown at [C:\re\workspace\8-2-build-windows-amd64-cygwin\jdk8u144\9417\hotspot\src\share\vm\classfile\systemDictionary.cpp, line 210]
Event: 15.699 Thread 0x0000000019243800 Exception <a 'java/lang/ClassNotFoundException': build_xngqf63m8dsfwfn3knfovny5Customizer> (0x00000000e0bc5ee0) thrown at [C:\re\workspace\8-2-build-windows-amd64-cygwin\jdk8u144\9417\hotspot\src\share\vm\classfile\systemDictionary.cpp, line 210]
Event: 15.704 Thread 0x0000000019243800 Exception <a 'sun/nio/fs/WindowsException'> (0x00000000e0be4f10) thrown at [C:\re\workspace\8-2-build-windows-amd64-cygwin\jdk8u144\9417\hotspot\src\share\vm\prims\jni.cpp, line 709]
Event: 15.747 Thread 0x0000000019243800 Exception <a 'java/lang/ClassNotFoundException': build_xngqf63m8dsfwfn3knfovny5$_run_closure1$_closure4BeanInfo> (0x00000000e0d587c0) thrown at [C:\re\workspace\8-2-build-windows-amd64-cygwin\jdk8u144\9417\hotspot\src\share\vm\classfile\systemDictionary.c
Event: 15.749 Thread 0x0000000019243800 Exception <a 'java/lang/ClassNotFoundException': build_xngqf63m8dsfwfn3knfovny5$_run_closure1$_closure4Customizer> (0x00000000e0d69dc8) thrown at [C:\re\workspace\8-2-build-windows-amd64-cygwin\jdk8u144\9417\hotspot\src\share\vm\classfile\systemDictionary
Event: 15.752 Thread 0x0000000019243800 Exception <a 'java/lang/ClassNotFoundException': build_xngqf63m8dsfwfn3knfovny5$_run_closure1BeanInfo> (0x00000000e0d933e0) thrown at [C:\re\workspace\8-2-build-windows-amd64-cygwin\jdk8u144\9417\hotspot\src\share\vm\classfile\systemDictionary.cpp, line 2
Event: 15.753 Thread 0x0000000019243800 Exception <a 'java/lang/ClassNotFoundException': build_xngqf63m8dsfwfn3knfovny5$_run_closure1Customizer> (0x00000000e0da3e58) thrown at [C:\re\workspace\8-2-build-windows-amd64-cygwin\jdk8u144\9417\hotspot\src\share\vm\classfile\systemDictionary.cpp, line

Events (10 events):
Event: 15.830 loading class com/android/build/gradle/internal/profile/ProfilerInitializer$ProfileShutdownListener
Event: 15.830 loading class com/android/build/gradle/internal/profile/ProfilerInitializer$ProfileShutdownListener done
Event: 15.830 loading class org/gradle/invocation/DefaultGradle$2
Event: 15.830 loading class org/gradle/invocation/DefaultGradle$2 done
Event: 15.831 loading class com/google/wireless/android/sdk/stats/GradleBuildProject$Builder
Event: 15.831 loading class com/google/wireless/android/sdk/stats/GradleBuildProject$Builder done
Event: 15.831 loading class org/gradle/api/Plugin
Event: 15.831 loading class org/gradle/api/Plugin done
Event: 15.831 loading class com/google/wireless/android/sdk/stats/GradleBuildProject$Builder
Event: 15.831 loading class com/google/wireless/android/sdk/stats/GradleBuildProject$Builder done


Dynamic libraries:
0x00007ff741cb0000 - 0x00007ff741ce7000 	C:\Program Files\Java\jdk1.8.0_144\bin\java.exe
0x00007ff9bffa0000 - 0x00007ff9c0190000 	C:\WINDOWS\SYSTEM32\ntdll.dll
0x00007ff9be690000 - 0x00007ff9be742000 	C:\WINDOWS\System32\KERNEL32.DLL
0x00007ff9bd120000 - 0x00007ff9bd3c3000 	C:\WINDOWS\System32\KERNELBASE.dll
0x00007ff9be750000 - 0x00007ff9be7f3000 	C:\WINDOWS\System32\ADVAPI32.dll
0x00007ff9bf210000 - 0x00007ff9bf2ae000 	C:\WINDOWS\System32\msvcrt.dll
0x00007ff9bec70000 - 0x00007ff9bed07000 	C:\WINDOWS\System32\sechost.dll
0x00007ff9bf3e0000 - 0x00007ff9bf500000 	C:\WINDOWS\System32\RPCRT4.dll
0x00007ff9bf5b0000 - 0x00007ff9bf744000 	C:\WINDOWS\System32\USER32.dll
0x00007ff9be020000 - 0x00007ff9be041000 	C:\WINDOWS\System32\win32u.dll
0x00007ff9bef60000 - 0x00007ff9bef86000 	C:\WINDOWS\System32\GDI32.dll
0x00007ff9bd530000 - 0x00007ff9bd6c4000 	C:\WINDOWS\System32\gdi32full.dll
0x00007ff9bcf30000 - 0x00007ff9bcfce000 	C:\WINDOWS\System32\msvcp_win.dll
0x00007ff9bd000000 - 0x00007ff9bd0fa000 	C:\WINDOWS\System32\ucrtbase.dll
0x00007ff9b1410000 - 0x00007ff9b1695000 	C:\WINDOWS\WinSxS\amd64_microsoft.windows.common-controls_6595b64144ccf1df_6.0.18362.720_none_e6beb5c51314836b\COMCTL32.dll
0x00007ff9be8b0000 - 0x00007ff9bebe6000 	C:\WINDOWS\System32\combase.dll
0x00007ff9bdfa0000 - 0x00007ff9be020000 	C:\WINDOWS\System32\bcryptPrimitives.dll
0x00007ff9be880000 - 0x00007ff9be8ae000 	C:\WINDOWS\System32\IMM32.DLL
0x000000005e870000 - 0x000000005e942000 	C:\Program Files\Java\jdk1.8.0_144\jre\bin\msvcr100.dll
0x000000005ce60000 - 0x000000005d6fd000 	C:\Program Files\Java\jdk1.8.0_144\jre\bin\server\jvm.dll
0x00007ff9be050000 - 0x00007ff9be058000 	C:\WINDOWS\System32\PSAPI.DLL
0x00007ff9b5050000 - 0x00007ff9b5074000 	C:\WINDOWS\SYSTEM32\WINMM.dll
0x00007ff9b4ca0000 - 0x00007ff9b4caa000 	C:\WINDOWS\SYSTEM32\VERSION.dll
0x00007ff9a8610000 - 0x00007ff9a8619000 	C:\WINDOWS\SYSTEM32\WSOCK32.dll
0x00007ff9be800000 - 0x00007ff9be86f000 	C:\WINDOWS\System32\WS2_32.dll
0x00007ff9b4e10000 - 0x00007ff9b4e3d000 	C:\WINDOWS\SYSTEM32\winmmbase.dll
0x00007ff9bd3d0000 - 0x00007ff9bd41a000 	C:\WINDOWS\System32\cfgmgr32.dll
0x000000005e860000 - 0x000000005e86f000 	C:\Program Files\Java\jdk1.8.0_144\jre\bin\verify.dll
0x000000005e830000 - 0x000000005e859000 	C:\Program Files\Java\jdk1.8.0_144\jre\bin\java.dll
0x000000005e810000 - 0x000000005e826000 	C:\Program Files\Java\jdk1.8.0_144\jre\bin\zip.dll
0x00007ff9bf870000 - 0x00007ff9bff55000 	C:\WINDOWS\System32\SHELL32.dll
0x00007ff9bf750000 - 0x00007ff9bf7f9000 	C:\WINDOWS\System32\shcore.dll
0x00007ff9bd820000 - 0x00007ff9bdfa0000 	C:\WINDOWS\System32\windows.storage.dll
0x00007ff9bceb0000 - 0x00007ff9bced3000 	C:\WINDOWS\System32\profapi.dll
0x00007ff9bcee0000 - 0x00007ff9bcf2a000 	C:\WINDOWS\System32\powrprof.dll
0x00007ff9bce60000 - 0x00007ff9bce70000 	C:\WINDOWS\System32\UMPDC.dll
0x00007ff9bf2b0000 - 0x00007ff9bf302000 	C:\WINDOWS\System32\shlwapi.dll
0x00007ff9bce90000 - 0x00007ff9bcea1000 	C:\WINDOWS\System32\kernel.appcore.dll
0x00007ff9bd100000 - 0x00007ff9bd117000 	C:\WINDOWS\System32\cryptsp.dll
0x000000005dcd0000 - 0x000000005dcea000 	C:\Program Files\Java\jdk1.8.0_144\jre\bin\net.dll
0x00007ff9bc640000 - 0x00007ff9bc6a7000 	C:\WINDOWS\system32\mswsock.dll
0x000000005dcb0000 - 0x000000005dcc1000 	C:\Program Files\Java\jdk1.8.0_144\jre\bin\nio.dll
0x00007ff9a6d20000 - 0x00007ff9a6d3e000 	C:\Users\61979\.gradle\native\25\windows-amd64\native-platform.dll
0x000000005dca0000 - 0x000000005dcad000 	C:\Program Files\Java\jdk1.8.0_144\jre\bin\management.dll
0x00007ff9bc1b0000 - 0x00007ff9bc1e3000 	C:\WINDOWS\system32\rsaenh.dll
0x00007ff9bcfd0000 - 0x00007ff9bcff6000 	C:\WINDOWS\System32\bcrypt.dll
0x00007ff9bcd80000 - 0x00007ff9bcda5000 	C:\WINDOWS\SYSTEM32\USERENV.dll
0x00007ff9bc810000 - 0x00007ff9bc81c000 	C:\WINDOWS\SYSTEM32\CRYPTBASE.dll
0x00007ff9bc350000 - 0x00007ff9bc38a000 	C:\WINDOWS\SYSTEM32\IPHLPAPI.DLL
0x00007ff9be870000 - 0x00007ff9be878000 	C:\WINDOWS\System32\NSI.dll
0x00007ff9b7730000 - 0x00007ff9b7746000 	C:\WINDOWS\SYSTEM32\dhcpcsvc6.DLL
0x00007ff9b6dc0000 - 0x00007ff9b6ddc000 	C:\WINDOWS\SYSTEM32\dhcpcsvc.DLL
0x00007ff9bc390000 - 0x00007ff9bc45a000 	C:\WINDOWS\SYSTEM32\DNSAPI.dll

VM Arguments:
jvm_args: -Xmx1536m -Dfile.encoding=GBK -Duser.country=CN -Duser.language=zh -Duser.variant 
java_command: org.gradle.launcher.daemon.bootstrap.GradleDaemon 4.6
java_class_path (initial): C:\Users\61979\.gradle\wrapper\dists\gradle-4.6-all\bcst21l2brirad8k2ben1letg\gradle-4.6\lib\gradle-launcher-4.6.jar
Launcher Type: SUN_STANDARD

Environment Variables:
JAVA_HOME=C:\Program Files\Java\jdk1.8.0_144
CLASSPATH=D:\project\MootCourt\\gradle\wrapper\gradle-wrapper.jar
PATH=C:\ProgramData\Oracle\Java\javapath;C:\WINDOWS\system32;C:\WINDOWS;C:\WINDOWS\System32\Wbem;C:\WINDOWS\System32\WindowsPowerShell\v1.0\;D:\matlab\runtime\win64;D:\matlab\bin;D:\matlab\polyspace\bin;C:\Program Files\Java\jdk1.8.0_144\bin;D:\软件\编译器\bin;D:\软;\AS\SDK\platform-tools;C:\WINDOWS\System32\OpenSSH\;F:\MySQL\mysql-5.6.41-winx64\bin;F:\matlab\runtime\win64;F:\matlab\bin;F:\matlab\polyspace\bin;D:\软件\slik svn\bin;C;\Program Files\Intel\WiFi\bin\;C:\Program Files\Common Files\Intel\WirelessCommon\;F:\Git\cmd;D:\apktools;D:\软件\AS\SDK\platform-tools;F:\tortoisegit\bin;C:\Program Files (x86)\Windows Kits\8.1\Windows Performance Toolkit\;F:\nodejs\;C:\Program Files (x86)\Intel\Intel(R) Management Engine Components\DAL;C:\Program Files\Intel\Intel(R) Management Engine Components\DAL;F:\AS\SDK\platform-tools;D:\数学建模实验\ampl;C:\Program Files\Intel\WiFi\bin\;C:\Program Files\Intel\WiFi\bin\;C:\Program Files\Common Files\Intel\WirelessCommon\;F:\Anaconda3;F:\Anaconda3\Library\mingw-w64\bin;F:\Anaconda3\Library\usr\bin;F:\Anaconda3\Library\bin;F:\Anaconda3\Scripts;C:\Users\61979\AppData\Local\Programs\Python\Python37\Scripts\;C:\Users\61979\AppData\Local\Programs\Python\Python37\;C:\Users\61979\AppData\Local\Microsoft\WindowsApps;F:\Microsoft VS Code\bin;F:\pycharm\PyCharm Community Edition 2018.3.2\bin;C:\Users\61979\AppData\Roaming\npm;F:\Fiddler4\Fiddler;C:\Users\61979\AppData\Local\Microsoft\WindowsApps;
USERNAME=61979
OS=Windows_NT
PROCESSOR_IDENTIFIER=Intel64 Family 6 Model 78 Stepping 3, GenuineIntel



---------------  S Y S T E M  ---------------

OS: Windows 10.0 , 64 bit Build 18362 (10.0.18362.329)

CPU:total 4 (initial active 4) (2 cores per cpu, 2 threads per core) family 6 model 78 stepping 3, cmov, cx8, fxsr, mmx, sse, sse2, sse3, ssse3, sse4.1, sse4.2, popcnt, avx, avx2, aes, clmul, erms, 3dnowpref, lzcnt, ht, tsc, tscinvbit, bmi1, bmi2, adx

Memory: 4k page, physical 8244684k(1300856k free), swap 8244684k(4624k free)

vm_info: Java HotSpot(TM) 64-Bit Server VM (25.144-b01) for windows-amd64 JRE (1.8.0_144-b01), built on Jul 21 2017 21:57:33 by "java_re" with MS VC++ 10.0 (VS2010)

time: Sun Apr 12 19:36:22 2020
elapsed time: 15 seconds (0d 0h 0m 15s)

